#
# A fatal error has been detected by the Java Runtime Environment:
#
#  EXCEPTION_ACCESS_VIOLATION (0xc0000005) at pc=0x000002c9fb98102c, pid=15560, tid=13444
#
# JRE version: OpenJDK Runtime Environment Temurin-21.0.5+11 (21.0.5+11) (build 21.0.5+11-LTS)
# Java VM: OpenJDK 64-Bit Server VM Temurin-21.0.5+11 (21.0.5+11-LTS, mixed mode, emulated-client, sharing, tiered, compressed oops, compressed class ptrs, g1 gc, windows-amd64)
# Problematic frame:
# v  ~BufferBlob::MethodHandles adapters 0x000002c9fb98102c
#
# No core dump will be written. Minidumps are not enabled by default on client versions of Windows
#
# If you would like to submit a bug report, please visit:
#   https://github.com/adoptium/adoptium-support/issues
#

---------------  S U M M A R Y ------------

Command Line: -XX:+ShowCodeDetailsInExceptionMessages -agentlib:jdwp=transport=dt_socket,suspend=y,address=localhost:55980 -Dcom.sun.management.jmxremote -Dcom.sun.management.jmxremote.port=55979 -Dcom.sun.management.jmxremote.authenticate=false -Dcom.sun.management.jmxremote.ssl=false -Djava.rmi.server.hostname=localhost -Dspring.jmx.enabled=true -Dmanagement.endpoints.jmx.exposure.include=* -Dspring.application.admin.enabled=true -XX:TieredStopAtLevel=1 -Dspring.boot.project.name=SpringBoot-1 -javaagent:C:\Users\91721\Desktop\Spring softwares\sts-4.27.0.RELEASE\configuration\org.eclipse.osgi\275\0\.cp\lib\javaagent-shaded.jar -Dfile.encoding=UTF-8 -Dstdout.encoding=UTF-8 -Dstderr.encoding=UTF-8 com.sathya.MVC.SpringBoot1Application --spring.output.ansi.enabled=always

Host: AMD Ryzen 5 5500U with Radeon Graphics         , 12 cores, 7G,  Windows 11 , 64 bit Build 22621 (10.0.22621.4391)
Time: Wed Dec 18 20:18:26 2024 India Standard Time elapsed time: 64.264634 seconds (0d 0h 1m 4s)

---------------  T H R E A D  ---------------

Current thread (0x000002c9ca2f1c60):  JavaThread "restartedMain"        [_thread_in_Java, id=13444, stack(0x000000fbc7b00000,0x000000fbc7c00000) (1024K)]

Stack: [0x000000fbc7b00000,0x000000fbc7c00000],  sp=0x000000fbc7bfe128,  free space=1016k
Native frames: (J=compiled Java code, j=interpreted, Vv=VM code, C=native code)
C  0x000002c9fb98102c

The last pc belongs to _linkToSpecial (printed below).

siginfo: EXCEPTION_ACCESS_VIOLATION (0xc0000005), reading address 0xffffffffffffffff


Registers:
RAX=0x000002c9fb959086, RBX=0x8e60b6b000000000, RCX=0x000000fbc7bfe130, RDX=0x0000000000000002
RSP=0x000000fbc7bfe128, RBP=0x000000fbc7bfe178, RSI=0x000002c9c9246c08, RDI=0x000002c9caa67020
R8 =0x0000000000000004, R9 =0x0000000000000004, R10=0x00007fff32a4d040, R11=0x000002c9840b5b20
R12=0x0000000000000000, R13=0x000000fbc7bfe128, R14=0x000000fbc7bfe198, R15=0x000002c9ca2f1c60
RIP=0x000002c9fb98102c, EFLAGS=0x0000000000010202


Register to memory mapping:

RAX=0x000002c9fb959086 is at code_begin+3078 in an Interpreter codelet
return entry points  [0x000002c9fb958480, 0x000002c9fb95a298]  7704 bytes
RBX=0x8e60b6b000000000 is an unknown value
RCX=0x000000fbc7bfe130 is pointing into the stack for thread: 0x000002c9ca2f1c60
RDX=0x0000000000000002 is an unknown value
RSP=0x000000fbc7bfe128 is pointing into the stack for thread: 0x000002c9ca2f1c60
RBP=0x000000fbc7bfe178 is pointing into the stack for thread: 0x000002c9ca2f1c60
RSI=0x000002c9c9246c08 points into unknown readable memory: 0x8000161c78f7e01a | 1a e0 f7 78 1c 16 00 80
RDI=0x000002c9caa67020 points into unknown readable memory: 0x0000001800000070 | 70 00 00 00 18 00 00 00
R8 =0x0000000000000004 is an unknown value
R9 =0x0000000000000004 is an unknown value
R10=0x00007fff32a4d040 jvm.dll
R11={method} {0x000002c9840b5b28} 'newInvokeSpecial' '(Ljava/lang/Object;)Ljava/lang/Object;' in 'java/lang/invoke/DirectMethodHandle$Holder'
R12=0x0 is null
R13=0x000000fbc7bfe128 is pointing into the stack for thread: 0x000002c9ca2f1c60
R14=0x000000fbc7bfe198 is pointing into the stack for thread: 0x000002c9ca2f1c60
R15=0x000002c9ca2f1c60 is a thread

Top of Stack: (sp=0x000000fbc7bfe128)
0x000000fbc7bfe128:   000002c9fb959086 000000fbc7bfe130
0x000000fbc7bfe138:   000002c98472be1f 0000000000000004
0x000000fbc7bfe148:   000002c9840b0fd8 000000008b9e6100
0x000000fbc7bfe158:   000000008b0efa48 000002c9840b5b20
0x000000fbc7bfe168:   000000fbc7bfe128 000000fbc7bfe1a0
0x000000fbc7bfe178:   000000fbc7bfe510 000002c9fbcf0703
0x000000fbc7bfe188:   000000008e60b5b8 000000008e60b660
0x000000fbc7bfe198:   000000008e60b618 000000008e60b378
0x000000fbc7bfe1a8:   000002c9ca2f1c60 000000fbc7bfe510
0x000000fbc7bfe1b8:   000002c9fc2ca8fc 000002c9ca2f1c00
0x000000fbc7bfe1c8:   00007fff32168031 000002c9ca2f1c60
0x000000fbc7bfe1d8:   000002c9c7d5be86 0000000000000000
0x000000fbc7bfe1e8:   0000000000000000 000000000000000a
0x000000fbc7bfe1f8:   000002c900000098 0000000000000008
0x000000fbc7bfe208:   000000008b0fbd01 000000fbc7bfd100
0x000000fbc7bfe218:   000000008b1367d0 000000008b9e6100
0x000000fbc7bfe228:   000000008e60b240 000000008e60b240
0x000000fbc7bfe238:   000000008e60b378 000000008e60b648
0x000000fbc7bfe248:   000000008e60b3d0 000000008b9e6100
0x000000fbc7bfe258:   0000000000000001 000000fbc7bfe510
0x000000fbc7bfe268:   000002c900000000 0000000000000000
0x000000fbc7bfe278:   0000000000000000 000000008e60b618
0x000000fbc7bfe288:   000002c9fbcf18dc 0000000000000000
0x000000fbc7bfe298:   0000000000000000 0000000000000000
0x000000fbc7bfe2a8:   000000fbc7bfd000 000002c9ca2f1c60
0x000000fbc7bfe2b8:   0000000000000000 000000008e60b378
0x000000fbc7bfe2c8:   0000000000000000 000000008e60b240
0x000000fbc7bfe2d8:   000000008e60b648 000000008e60b378
0x000000fbc7bfe2e8:   0000000000000000 000000008e60b300
0x000000fbc7bfe2f8:   000002c9fbcefc34 000000fbc7bfe510
0x000000fbc7bfe308:   000002c9fbce9dea 0000000000000000
0x000000fbc7bfe318:   000002c9fbbfc9a9 000002c9ca2f1c60 

Instructions: (pc=0x000002c9fb98102c)
0x000002c9fb980f2c:   8b 59 14 8b 5b 28 8b 5b 24 48 8b 5b 10 48 85 db
0x000002c9fb980f3c:   0f 84 10 00 00 00 41 80 bf d8 05 00 00 00 74 03
0x000002c9fb980f4c:   ff 63 38 ff 63 50 e9 a9 16 00 00 66 0f 1f 84 00
0x000002c9fb980f5c:   00 00 00 00 48 8b 53 08 0f b7 52 2e 48 8b 0c d4
0x000002c9fb980f6c:   58 5b 50 44 8b 51 08 49 bb 00 00 00 84 c9 02 00
0x000002c9fb980f7c:   00 4d 03 d3 4c 8b 5b 10 4b 8b 9c da c0 01 00 00
0x000002c9fb980f8c:   48 85 db 0f 84 10 00 00 00 41 80 bf d8 05 00 00
0x000002c9fb980f9c:   00 74 03 ff 63 38 ff 63 50 e9 56 16 00 00 66 66
0x000002c9fb980fac:   66 0f 1f 84 00 00 00 00 00 66 66 66 0f 1f 84 00
0x000002c9fb980fbc:   00 00 00 00 58 5b 50 8b 5b 24 48 8b 5b 10 48 85
0x000002c9fb980fcc:   db 0f 84 10 00 00 00 41 80 bf d8 05 00 00 00 74
0x000002c9fb980fdc:   03 ff 63 38 ff 63 50 e9 18 16 00 00 66 66 66 0f
0x000002c9fb980fec:   1f 84 00 00 00 00 00 0f 1f 80 00 00 00 00 66 0f
0x000002c9fb980ffc:   1f 44 00 00 48 8b 53 08 0f b7 52 2e 48 8b 0c d4
0x000002c9fb98100c:   58 5b 50 48 3b 01 8b 5b 24 48 8b 5b 10 48 85 db
0x000002c9fb98101c:   0f 84 10 00 00 00 41 80 bf d8 05 00 00 00 74 03
0x000002c9fb98102c:   ff 63 38 ff 63 50 e9 c9 15 00 00 66 0f 1f 84 00
0x000002c9fb98103c:   00 00 00 00 48 8b 53 08 0f b7 52 2e 48 8b 0c d4
0x000002c9fb98104c:   58 5b 50 44 8b 51 08 49 bb 00 00 00 84 c9 02 00
0x000002c9fb98105c:   00 4d 03 d3 8b 43 18 48 8b 40 10 48 8b 5b 10 45
0x000002c9fb98106c:   8b 9a a0 00 00 00 4f 8d 9c da c0 01 00 00 4d 8d
0x000002c9fb98107c:   14 da 49 8b 1b 48 3b c3 74 15 48 85 db 0f 84 32
0x000002c9fb98108c:   00 00 00 49 83 c3 10 49 8b 1b 48 3b c3 75 eb 45
0x000002c9fb98109c:   8b 5b 08 4b 8b 1c 1a 48 85 db 0f 84 10 00 00 00
0x000002c9fb9810ac:   41 80 bf d8 05 00 00 00 74 03 ff 63 38 ff 63 50
0x000002c9fb9810bc:   e9 3f 15 00 00 e9 3a 12 00 00 f4 00 00 00 00 00
0x000002c9fb9810cc:   00 00 00 00 00 00 00 00 00 00 00 00 00 00 00 00
0x000002c9fb9810dc:   00 00 00 00 00 00 00 00 00 00 00 00 00 00 00 00
0x000002c9fb9810ec:   00 00 00 00 00 00 00 00 00 00 00 00 00 00 00 00
0x000002c9fb9810fc:   00 00 00 00 00 00 00 00 00 00 00 00 00 00 00 00
0x000002c9fb98110c:   00 00 00 00 00 00 00 00 00 00 00 00 00 00 00 00
0x000002c9fb98111c:   00 00 00 00 00 00 00 00 00 00 00 00 00 00 00 00 


Stack slot to memory mapping:

stack at sp + 0 slots: 0x000002c9fb959086 is at code_begin+3078 in an Interpreter codelet
return entry points  [0x000002c9fb958480, 0x000002c9fb95a298]  7704 bytes
stack at sp + 1 slots: 0x000000fbc7bfe130 is pointing into the stack for thread: 0x000002c9ca2f1c60
stack at sp + 2 slots: 0x000002c98472be1f is pointing into metadata
stack at sp + 3 slots: 0x0000000000000004 is an unknown value
stack at sp + 4 slots: 0x000002c9840b0fd8 is pointing into metadata
stack at sp + 5 slots: 0x000000008b9e6100 is an oop: java.lang.Class 
{0x000000008b9e6100} - klass: 'java/lang/Class'
 - ---- fields (total size 14 words):
 - private volatile transient 'classRedefinedCount' 'I' @12  1 (0x00000001)
 - injected 'klass' 'J' @16  3064544625144 (0x000002c9851801f8)
 - injected 'array_klass' 'J' @24  0 (0x0000000000000000)
 - injected 'oop_size' 'I' @32  14 (0x0000000e)
 - injected 'static_oop_field_count' 'I' @36  0 (0x00000000)
 - private volatile transient 'cachedConstructor' 'Ljava/lang/reflect/Constructor;' @40  null (0x00000000)
 - private transient 'name' 'Ljava/lang/String;' @44  "com.sathya.MVC.TestController.Controller"{0x000000008bf629b0} (0x8bf629b0)
 - private transient 'module' 'Ljava/lang/Module;' @48  a 'java/lang/Module'{0x000000008b4528b0} (0x8b4528b0)
 - private final 'classLoader' 'Ljava/lang/ClassLoader;' @52  a 'org/springframework/boot/devtools/restart/classloader/RestartClassLoader'{0x000000008b401528} (0x8b401528)
 - private transient 'classData' 'Ljava/lang/Object;' @56  null (0x00000000)
 - private transient 'packageName' 'Ljava/lang/String;' @60  "com.sathya.MVC.TestController"{0x000000008b31c790} (0x8b31c790)
 - private final 'componentType' 'Ljava/lang/Class;' @64  null (0x00000000)
 - private volatile transient 'reflectionData' 'Ljava/lang/ref/SoftReference;' @68  a 'java/lang/ref/SoftReference'{0x000000008be5bf50} (0x8be5bf50)
 - private volatile transient 'genericInfo' 'Lsun/reflect/generics/repository/ClassRepository;' @72  null (0x00000000)
 - private volatile transient 'enumConstants' '[Ljava/lang/Object;' @76  null (0x00000000)
 - private volatile transient 'enumConstantDirectory' 'Ljava/util/Map;' @80  null (0x00000000)
 - private volatile transient 'annotationData' 'Ljava/lang/Class$AnnotationData;' @84  a 'java/lang/Class$AnnotationData'{0x000000008be5bdc0} (0x8be5bdc0)
 - private volatile transient 'annotationType' 'Lsun/reflect/annotation/AnnotationType;' @88  null (0x00000000)
 - transient 'classValueMap' 'Ljava/lang/ClassValue$ClassValueMap;' @92  null (0x00000000)
 - injected 'protection_domain' 'Ljava/lang/Object;' @96  a 'java/security/ProtectionDomain'{0x000000008b485d00} (0x8b485d00)
 - injected 'signers_name' 'Ljava/lang/Object;' @100  null (0x00000000)
 - injected 'source_file' 'Ljava/lang/Object;' @104  null (0x00000000)
 - injected '<init_lock>' 'Ljava/lang/Object;' @108  null (0x00000000)
 - signature: Lcom/sathya/MVC/TestController/Controller;
 - ---- static fields (0):
stack at sp + 6 slots: 0x000000008b0efa48 is an oop: java.lang.Class 
{0x000000008b0efa48} - klass: 'java/lang/Class'
 - ---- fields (total size 14 words):
 - private volatile transient 'classRedefinedCount' 'I' @12  0 (0x00000000)
 - injected 'klass' 'J' @16  3064526998448 (0x000002c9840b0bb0)
 - injected 'array_klass' 'J' @24  0 (0x0000000000000000)
 - injected 'oop_size' 'I' @32  14 (0x0000000e)
 - injected 'static_oop_field_count' 'I' @36  0 (0x00000000)
 - private volatile transient 'cachedConstructor' 'Ljava/lang/reflect/Constructor;' @40  null (0x00000000)
 - private transient 'name' 'Ljava/lang/String;' @44  null (0x00000000)
 - private transient 'module' 'Ljava/lang/Module;' @48  a 'java/lang/Module'{0x000000008b1001b0} (0x8b1001b0)
 - private final 'classLoader' 'Ljava/lang/ClassLoader;' @52  null (0x00000000)
 - private transient 'classData' 'Ljava/lang/Object;' @56  null (0x00000000)
 - private transient 'packageName' 'Ljava/lang/String;' @60  null (0x00000000)
 - private final 'componentType' 'Ljava/lang/Class;' @64  null (0x00000000)
 - private volatile transient 'reflectionData' 'Ljava/lang/ref/SoftReference;' @68  null (0x00000000)
 - private volatile transient 'genericInfo' 'Lsun/reflect/generics/repository/ClassRepository;' @72  null (0x00000000)
 - private volatile transient 'enumConstants' '[Ljava/lang/Object;' @76  null (0x00000000)
 - private volatile transient 'enumConstantDirectory' 'Ljava/util/Map;' @80  null (0x00000000)
 - private volatile transient 'annotationData' 'Ljava/lang/Class$AnnotationData;' @84  null (0x00000000)
 - private volatile transient 'annotationType' 'Lsun/reflect/annotation/AnnotationType;' @88  null (0x00000000)
 - transient 'classValueMap' 'Ljava/lang/ClassValue$ClassValueMap;' @92  null (0x00000000)
 - injected 'protection_domain' 'Ljava/lang/Object;' @96  null (0x00000000)
 - injected 'signers_name' 'Ljava/lang/Object;' @100  null (0x00000000)
 - injected 'source_file' 'Ljava/lang/Object;' @104  null (0x00000000)
 - injected '<init_lock>' 'Ljava/lang/Object;' @108  null (0x00000000)
 - signature: Ljava/lang/invoke/DirectMethodHandle$Holder;
 - ---- static fields (0):
stack at sp + 7 slots: {method} {0x000002c9840b5b28} 'newInvokeSpecial' '(Ljava/lang/Object;)Ljava/lang/Object;' in 'java/lang/invoke/DirectMethodHandle$Holder'

MethodHandle::interpreter_entry::_linkToSpecial [0x000002c9fb980fe8, 0x000002c9fb981037] (79 bytes)
[MachCode]
  0x000002c9fb980fe8: 6666 660f | 1f84 0000 | 0000 000f | 1f80 0000 | 0000 660f | 1f44 0000 | 488b 5308 | 0fb7 522e 
  0x000002c9fb981008: 488b 0cd4 | 585b 5048 | 3b01 8b5b | 2448 8b5b | 1048 85db | 0f84 1000 | 0000 4180 | bfd8 0500 
  0x000002c9fb981028: 0000 7403 | ff63 38ff | 6350 e9c9 | 
[/MachCode]

---------------  P R O C E S S  ---------------

Threads class SMR info:
_java_thread_list=0x000002c9cbd3cbd0, length=26, elements={
0x000002c9f5acfba0, 0x000002c983f07610, 0x000002c983f08060, 0x000002c983f0a1c0,
0x000002c983f0b0f0, 0x000002c983f0bb40, 0x000002c983f16020, 0x000002c983f1efa0,
0x000002c9c91b98e0, 0x000002c9c9264610, 0x000002c9c9268ca0, 0x000002c9c9269320,
0x000002c9c91b8bc0, 0x000002c9c91bac90, 0x000002c9c91b7810, 0x000002c9c91b7ea0,
0x000002c9c91b8530, 0x000002c9c91b9250, 0x000002c9c91b9f70, 0x000002c9c91ba600,
0x000002c9ca2f50e0, 0x000002c9ca2f1c60, 0x000002c9ca2f43c0, 0x000002c9ca2f5e00,
0x000002c9ca2f2980, 0x000002c9ca2f5770
}

Java Threads: ( => current thread )
  0x000002c9f5acfba0 JavaThread "main"                              [_thread_blocked, id=13508, stack(0x000000fbc5400000,0x000000fbc5500000) (1024K)]
  0x000002c983f07610 JavaThread "Reference Handler"          daemon [_thread_blocked, id=8356, stack(0x000000fbc5c00000,0x000000fbc5d00000) (1024K)]
  0x000002c983f08060 JavaThread "Finalizer"                  daemon [_thread_blocked, id=22532, stack(0x000000fbc5d00000,0x000000fbc5e00000) (1024K)]
  0x000002c983f0a1c0 JavaThread "Signal Dispatcher"          daemon [_thread_blocked, id=10908, stack(0x000000fbc5e00000,0x000000fbc5f00000) (1024K)]
  0x000002c983f0b0f0 JavaThread "Attach Listener"            daemon [_thread_blocked, id=12060, stack(0x000000fbc5f00000,0x000000fbc6000000) (1024K)]
  0x000002c983f0bb40 JavaThread "Service Thread"             daemon [_thread_blocked, id=21084, stack(0x000000fbc6000000,0x000000fbc6100000) (1024K)]
  0x000002c983f16020 JavaThread "Monitor Deflation Thread"   daemon [_thread_blocked, id=5968, stack(0x000000fbc6100000,0x000000fbc6200000) (1024K)]
  0x000002c983f1efa0 JavaThread "C1 CompilerThread0"         daemon [_thread_blocked, id=10140, stack(0x000000fbc6200000,0x000000fbc6300000) (1024K)]
  0x000002c9c91b98e0 JavaThread "Common-Cleaner"             daemon [_thread_blocked, id=22148, stack(0x000000fbc6300000,0x000000fbc6400000) (1024K)]
  0x000002c9c9264610 JavaThread "JDWP Transport Listener: dt_socket" daemon [_thread_blocked, id=16112, stack(0x000000fbc6600000,0x000000fbc6700000) (1024K)]
  0x000002c9c9268ca0 JavaThread "JDWP Event Helper Thread"   daemon [_thread_blocked, id=19964, stack(0x000000fbc6700000,0x000000fbc6800000) (1024K)]
  0x000002c9c9269320 JavaThread "JDWP Command Reader"        daemon [_thread_in_native, id=3472, stack(0x000000fbc6800000,0x000000fbc6900000) (1024K)]
  0x000002c9c91b8bc0 JavaThread "Notification Thread"        daemon [_thread_blocked, id=4824, stack(0x000000fbc6900000,0x000000fbc6a00000) (1024K)]
  0x000002c9c91bac90 JavaThread "RMI TCP Accept-0"           daemon [_thread_in_native, id=23864, stack(0x000000fbc6a00000,0x000000fbc6b00000) (1024K)]
  0x000002c9c91b7810 JavaThread "RMI TCP Accept-55979"       daemon [_thread_in_native, id=18936, stack(0x000000fbc6b00000,0x000000fbc6c00000) (1024K)]
  0x000002c9c91b7ea0 JavaThread "RMI TCP Accept-0"           daemon [_thread_in_native, id=14644, stack(0x000000fbc7500000,0x000000fbc7600000) (1024K)]
  0x000002c9c91b8530 JavaThread "RMI TCP Connection(idle)"   daemon [_thread_blocked, id=20548, stack(0x000000fbc7600000,0x000000fbc7700000) (1024K)]
  0x000002c9c91b9250 JavaThread "RMI Scheduler(0)"           daemon [_thread_blocked, id=20916, stack(0x000000fbc7700000,0x000000fbc7800000) (1024K)]
  0x000002c9c91b9f70 JavaThread "RMI TCP Connection(2)-127.0.0.1" daemon [_thread_in_native, id=11152, stack(0x000000fbc7800000,0x000000fbc7900000) (1024K)]
  0x000002c9c91ba600 JavaThread "JMX server connection timeout 40" daemon [_thread_blocked, id=20400, stack(0x000000fbc7900000,0x000000fbc7a00000) (1024K)]
  0x000002c9ca2f50e0 JavaThread "Thread-0"                          [_thread_blocked, id=10208, stack(0x000000fbc7a00000,0x000000fbc7b00000) (1024K)]
=>0x000002c9ca2f1c60 JavaThread "restartedMain"                     [_thread_in_Java, id=13444, stack(0x000000fbc7b00000,0x000000fbc7c00000) (1024K)]
  0x000002c9ca2f43c0 JavaThread "HikariPool-1 housekeeper"   daemon [_thread_blocked, id=7648, stack(0x000000fbc7c00000,0x000000fbc7d00000) (1024K)]
  0x000002c9ca2f5e00 JavaThread "Catalina-utility-1"                [_thread_blocked, id=6504, stack(0x000000fbc7d00000,0x000000fbc7e00000) (1024K)]
  0x000002c9ca2f2980 JavaThread "Catalina-utility-2"                [_thread_blocked, id=20784, stack(0x000000fbc8100000,0x000000fbc8200000) (1024K)]
  0x000002c9ca2f5770 JavaThread "container-0"                       [_thread_blocked, id=14312, stack(0x000000fbc8200000,0x000000fbc8300000) (1024K)]
Total: 26

Other Threads:
  0x000002c983ee8220 VMThread "VM Thread"                           [id=25256, stack(0x000000fbc5b00000,0x000000fbc5c00000) (1024K)]
  0x000002c983eda730 WatcherThread "VM Periodic Task Thread"        [id=18528, stack(0x000000fbc5a00000,0x000000fbc5b00000) (1024K)]
  0x000002c9f7ea40c0 WorkerThread "GC Thread#0"                     [id=22720, stack(0x000000fbc5500000,0x000000fbc5600000) (1024K)]
  0x000002c9c9c0c360 WorkerThread "GC Thread#1"                     [id=8200, stack(0x000000fbc6c00000,0x000000fbc6d00000) (1024K)]
  0x000002c9c9bdd140 WorkerThread "GC Thread#2"                     [id=21528, stack(0x000000fbc6d00000,0x000000fbc6e00000) (1024K)]
  0x000002c9c9bdd8f0 WorkerThread "GC Thread#3"                     [id=10304, stack(0x000000fbc6e00000,0x000000fbc6f00000) (1024K)]
  0x000002c9c9bddc90 WorkerThread "GC Thread#4"                     [id=22132, stack(0x000000fbc6f00000,0x000000fbc7000000) (1024K)]
  0x000002c9c9bde030 WorkerThread "GC Thread#5"                     [id=14948, stack(0x000000fbc7000000,0x000000fbc7100000) (1024K)]
  0x000002c9c9bdebe0 WorkerThread "GC Thread#6"                     [id=11728, stack(0x000000fbc7100000,0x000000fbc7200000) (1024K)]
  0x000002c9c9bdef80 WorkerThread "GC Thread#7"                     [id=17356, stack(0x000000fbc7200000,0x000000fbc7300000) (1024K)]
  0x000002c9c9be4340 WorkerThread "GC Thread#8"                     [id=20936, stack(0x000000fbc7300000,0x000000fbc7400000) (1024K)]
  0x000002c9c9be6100 WorkerThread "GC Thread#9"                     [id=13992, stack(0x000000fbc7400000,0x000000fbc7500000) (1024K)]
  0x000002c9f7eb41d0 ConcurrentGCThread "G1 Main Marker"            [id=13932, stack(0x000000fbc5600000,0x000000fbc5700000) (1024K)]
  0x000002c9f7eb54c0 WorkerThread "G1 Conc#0"                       [id=1784, stack(0x000000fbc5700000,0x000000fbc5800000) (1024K)]
  0x000002c9c9be64a0 WorkerThread "G1 Conc#1"                       [id=12340, stack(0x000000fbc7f00000,0x000000fbc8000000) (1024K)]
  0x000002c9c9be4b40 WorkerThread "G1 Conc#2"                       [id=14432, stack(0x000000fbc8000000,0x000000fbc8100000) (1024K)]
  0x000002c9f7efe990 ConcurrentGCThread "G1 Refine#0"               [id=18896, stack(0x000000fbc5800000,0x000000fbc5900000) (1024K)]
  0x000002c983da95c0 ConcurrentGCThread "G1 Service"                [id=15424, stack(0x000000fbc5900000,0x000000fbc5a00000) (1024K)]
Total: 18

Threads with active compile tasks:
Total: 0

VM state: not at safepoint (normal execution)

VM Mutex/Monitor currently owned by a thread: None

Heap address: 0x000000008ac00000, size: 1876 MB, Compressed Oops mode: 32-bit

CDS archive(s) mapped at: [0x000002c984000000-0x000002c984c80000-0x000002c984c80000), size 13107200, SharedBaseAddress: 0x000002c984000000, ArchiveRelocationMode: 1.
Compressed class space mapped at: 0x000002c985000000-0x000002c9c5000000, reserved size: 1073741824
Narrow klass base: 0x000002c984000000, Narrow klass shift: 0, Narrow klass range: 0x100000000

GC Precious Log:
 CardTable entry size: 512
 Card Set container configuration: InlinePtr #cards 5 size 8 Array Of Cards #cards 12 size 40 Howl #buckets 4 coarsen threshold 1843 Howl Bitmap #cards 512 size 80 coarsen threshold 460 Card regions per heap region 1 cards per card region 2048
 CPUs: 12 total, 12 available
 Memory: 7501M
 Large Page Support: Disabled
 NUMA Support: Disabled
 Compressed Oops: Enabled (32-bit)
 Heap Region Size: 1M
 Heap Min Capacity: 8M
 Heap Initial Capacity: 118M
 Heap Max Capacity: 1876M
 Pre-touch: Disabled
 Parallel Workers: 10
 Concurrent Workers: 3
 Concurrent Refinement Workers: 10
 Periodic GC: Disabled

Heap:
 garbage-first heap   total 84992K, used 49863K [0x000000008ac00000, 0x0000000100000000)
  region size 1024K, 31 young (31744K), 4 survivors (4096K)
 Metaspace       used 52517K, committed 53184K, reserved 1114112K
  class space    used 7133K, committed 7424K, reserved 1048576K

Heap Regions: E=young(eden), S=young(survivor), O=old, HS=humongous(starts), HC=humongous(continues), CS=collection set, F=free, TAMS=top-at-mark-start, PB=parsable bottom
|   0|0x000000008ac00000, 0x000000008ad00000, 0x000000008ad00000|100%|HS|  |TAMS 0x000000008ac00000| PB 0x000000008ac00000| Complete 
|   1|0x000000008ad00000, 0x000000008ae00000, 0x000000008ae00000|100%|HS|  |TAMS 0x000000008ad00000| PB 0x000000008ad00000| Complete 
|   2|0x000000008ae00000, 0x000000008af00000, 0x000000008af00000|100%| O|  |TAMS 0x000000008ae00000| PB 0x000000008ae00000| Untracked 
|   3|0x000000008af00000, 0x000000008b000000, 0x000000008b000000|100%| O|  |TAMS 0x000000008af00000| PB 0x000000008af00000| Untracked 
|   4|0x000000008b000000, 0x000000008b100000, 0x000000008b100000|100%| O|  |TAMS 0x000000008b000000| PB 0x000000008b000000| Untracked 
|   5|0x000000008b100000, 0x000000008b200000, 0x000000008b200000|100%| O|  |TAMS 0x000000008b100000| PB 0x000000008b100000| Untracked 
|   6|0x000000008b200000, 0x000000008b300000, 0x000000008b300000|100%| O|  |TAMS 0x000000008b200000| PB 0x000000008b200000| Untracked 
|   7|0x000000008b300000, 0x000000008b400000, 0x000000008b400000|100%| O|  |TAMS 0x000000008b300000| PB 0x000000008b300000| Untracked 
|   8|0x000000008b400000, 0x000000008b500000, 0x000000008b500000|100%| O|  |TAMS 0x000000008b400000| PB 0x000000008b400000| Untracked 
|   9|0x000000008b500000, 0x000000008b600000, 0x000000008b600000|100%| O|  |TAMS 0x000000008b500000| PB 0x000000008b500000| Untracked 
|  10|0x000000008b600000, 0x000000008b700000, 0x000000008b700000|100%| O|  |TAMS 0x000000008b600000| PB 0x000000008b600000| Untracked 
|  11|0x000000008b700000, 0x000000008b800000, 0x000000008b800000|100%| O|  |TAMS 0x000000008b700000| PB 0x000000008b700000| Untracked 
|  12|0x000000008b800000, 0x000000008b900000, 0x000000008b900000|100%| O|  |TAMS 0x000000008b800000| PB 0x000000008b800000| Untracked 
|  13|0x000000008b900000, 0x000000008ba00000, 0x000000008ba00000|100%| O|  |TAMS 0x000000008b900000| PB 0x000000008b900000| Untracked 
|  14|0x000000008ba00000, 0x000000008baf34e0, 0x000000008bb00000| 95%| O|  |TAMS 0x000000008ba00000| PB 0x000000008ba00000| Untracked 
|  15|0x000000008bb00000, 0x000000008bc00000, 0x000000008bc00000|100%| O|  |TAMS 0x000000008bb00000| PB 0x000000008bb00000| Untracked 
|  16|0x000000008bc00000, 0x000000008bd00000, 0x000000008bd00000|100%| O|  |TAMS 0x000000008bc00000| PB 0x000000008bc00000| Untracked 
|  17|0x000000008bd00000, 0x000000008be00000, 0x000000008be00000|100%| O|  |TAMS 0x000000008bd00000| PB 0x000000008bd00000| Untracked 
|  18|0x000000008be00000, 0x000000008bf00000, 0x000000008bf00000|100%| O|  |TAMS 0x000000008be00000| PB 0x000000008be00000| Untracked 
|  19|0x000000008bf00000, 0x000000008c000000, 0x000000008c000000|100%| O|  |TAMS 0x000000008bf00000| PB 0x000000008bf00000| Untracked 
|  20|0x000000008c000000, 0x000000008c000000, 0x000000008c100000|  0%| F|  |TAMS 0x000000008c000000| PB 0x000000008c000000| Untracked 
|  21|0x000000008c100000, 0x000000008c100000, 0x000000008c200000|  0%| F|  |TAMS 0x000000008c100000| PB 0x000000008c100000| Untracked 
|  22|0x000000008c200000, 0x000000008c200000, 0x000000008c300000|  0%| F|  |TAMS 0x000000008c200000| PB 0x000000008c200000| Untracked 
|  23|0x000000008c300000, 0x000000008c300000, 0x000000008c400000|  0%| F|  |TAMS 0x000000008c300000| PB 0x000000008c300000| Untracked 
|  24|0x000000008c400000, 0x000000008c4bea78, 0x000000008c500000| 74%| S|CS|TAMS 0x000000008c400000| PB 0x000000008c400000| Complete 
|  25|0x000000008c500000, 0x000000008c500000, 0x000000008c600000|  0%| F|  |TAMS 0x000000008c500000| PB 0x000000008c500000| Untracked 
|  26|0x000000008c600000, 0x000000008c600000, 0x000000008c700000|  0%| F|  |TAMS 0x000000008c600000| PB 0x000000008c600000| Untracked 
|  27|0x000000008c700000, 0x000000008c700000, 0x000000008c800000|  0%| F|  |TAMS 0x000000008c700000| PB 0x000000008c700000| Untracked 
|  28|0x000000008c800000, 0x000000008c900000, 0x000000008c900000|100%| S|CS|TAMS 0x000000008c800000| PB 0x000000008c800000| Complete 
|  29|0x000000008c900000, 0x000000008ca00000, 0x000000008ca00000|100%| S|CS|TAMS 0x000000008c900000| PB 0x000000008c900000| Complete 
|  30|0x000000008ca00000, 0x000000008cb00000, 0x000000008cb00000|100%| S|CS|TAMS 0x000000008ca00000| PB 0x000000008ca00000| Complete 
|  31|0x000000008cb00000, 0x000000008cb00000, 0x000000008cc00000|  0%| F|  |TAMS 0x000000008cb00000| PB 0x000000008cb00000| Untracked 
|  32|0x000000008cc00000, 0x000000008cc00000, 0x000000008cd00000|  0%| F|  |TAMS 0x000000008cc00000| PB 0x000000008cc00000| Untracked 
|  33|0x000000008cd00000, 0x000000008cd00000, 0x000000008ce00000|  0%| F|  |TAMS 0x000000008cd00000| PB 0x000000008cd00000| Untracked 
|  34|0x000000008ce00000, 0x000000008ce00000, 0x000000008cf00000|  0%| F|  |TAMS 0x000000008ce00000| PB 0x000000008ce00000| Untracked 
|  35|0x000000008cf00000, 0x000000008cf00000, 0x000000008d000000|  0%| F|  |TAMS 0x000000008cf00000| PB 0x000000008cf00000| Untracked 
|  36|0x000000008d000000, 0x000000008d000000, 0x000000008d100000|  0%| F|  |TAMS 0x000000008d000000| PB 0x000000008d000000| Untracked 
|  37|0x000000008d100000, 0x000000008d100000, 0x000000008d200000|  0%| F|  |TAMS 0x000000008d100000| PB 0x000000008d100000| Untracked 
|  38|0x000000008d200000, 0x000000008d200000, 0x000000008d300000|  0%| F|  |TAMS 0x000000008d200000| PB 0x000000008d200000| Untracked 
|  39|0x000000008d300000, 0x000000008d300000, 0x000000008d400000|  0%| F|  |TAMS 0x000000008d300000| PB 0x000000008d300000| Untracked 
|  40|0x000000008d400000, 0x000000008d400000, 0x000000008d500000|  0%| F|  |TAMS 0x000000008d400000| PB 0x000000008d400000| Untracked 
|  41|0x000000008d500000, 0x000000008d500000, 0x000000008d600000|  0%| F|  |TAMS 0x000000008d500000| PB 0x000000008d500000| Untracked 
|  42|0x000000008d600000, 0x000000008d600000, 0x000000008d700000|  0%| F|  |TAMS 0x000000008d600000| PB 0x000000008d600000| Untracked 
|  43|0x000000008d700000, 0x000000008d700000, 0x000000008d800000|  0%| F|  |TAMS 0x000000008d700000| PB 0x000000008d700000| Untracked 
|  44|0x000000008d800000, 0x000000008d800000, 0x000000008d900000|  0%| F|  |TAMS 0x000000008d800000| PB 0x000000008d800000| Untracked 
|  45|0x000000008d900000, 0x000000008d900000, 0x000000008da00000|  0%| F|  |TAMS 0x000000008d900000| PB 0x000000008d900000| Untracked 
|  46|0x000000008da00000, 0x000000008da00000, 0x000000008db00000|  0%| F|  |TAMS 0x000000008da00000| PB 0x000000008da00000| Untracked 
|  47|0x000000008db00000, 0x000000008db00000, 0x000000008dc00000|  0%| F|  |TAMS 0x000000008db00000| PB 0x000000008db00000| Untracked 
|  48|0x000000008dc00000, 0x000000008dc00000, 0x000000008dd00000|  0%| F|  |TAMS 0x000000008dc00000| PB 0x000000008dc00000| Untracked 
|  49|0x000000008dd00000, 0x000000008dd00000, 0x000000008de00000|  0%| F|  |TAMS 0x000000008dd00000| PB 0x000000008dd00000| Untracked 
|  50|0x000000008de00000, 0x000000008de00000, 0x000000008df00000|  0%| F|  |TAMS 0x000000008de00000| PB 0x000000008de00000| Untracked 
|  51|0x000000008df00000, 0x000000008df00000, 0x000000008e000000|  0%| F|  |TAMS 0x000000008df00000| PB 0x000000008df00000| Untracked 
|  52|0x000000008e000000, 0x000000008e000000, 0x000000008e100000|  0%| F|  |TAMS 0x000000008e000000| PB 0x000000008e000000| Untracked 
|  53|0x000000008e100000, 0x000000008e100000, 0x000000008e200000|  0%| F|  |TAMS 0x000000008e100000| PB 0x000000008e100000| Untracked 
|  54|0x000000008e200000, 0x000000008e200000, 0x000000008e300000|  0%| F|  |TAMS 0x000000008e200000| PB 0x000000008e200000| Untracked 
|  55|0x000000008e300000, 0x000000008e300000, 0x000000008e400000|  0%| F|  |TAMS 0x000000008e300000| PB 0x000000008e300000| Untracked 
|  56|0x000000008e400000, 0x000000008e4b6198, 0x000000008e500000| 71%| E|  |TAMS 0x000000008e400000| PB 0x000000008e400000| Complete 
|  57|0x000000008e500000, 0x000000008e600000, 0x000000008e600000|100%| E|CS|TAMS 0x000000008e500000| PB 0x000000008e500000| Complete 
|  58|0x000000008e600000, 0x000000008e700000, 0x000000008e700000|100%| E|CS|TAMS 0x000000008e600000| PB 0x000000008e600000| Complete 
|  59|0x000000008e700000, 0x000000008e800000, 0x000000008e800000|100%| E|CS|TAMS 0x000000008e700000| PB 0x000000008e700000| Complete 
|  60|0x000000008e800000, 0x000000008e900000, 0x000000008e900000|100%| E|CS|TAMS 0x000000008e800000| PB 0x000000008e800000| Complete 
|  61|0x000000008e900000, 0x000000008ea00000, 0x000000008ea00000|100%| E|CS|TAMS 0x000000008e900000| PB 0x000000008e900000| Complete 
|  62|0x000000008ea00000, 0x000000008eb00000, 0x000000008eb00000|100%| E|CS|TAMS 0x000000008ea00000| PB 0x000000008ea00000| Complete 
|  63|0x000000008eb00000, 0x000000008ec00000, 0x000000008ec00000|100%| E|CS|TAMS 0x000000008eb00000| PB 0x000000008eb00000| Complete 
|  64|0x000000008ec00000, 0x000000008ed00000, 0x000000008ed00000|100%| E|CS|TAMS 0x000000008ec00000| PB 0x000000008ec00000| Complete 
|  65|0x000000008ed00000, 0x000000008ee00000, 0x000000008ee00000|100%| E|CS|TAMS 0x000000008ed00000| PB 0x000000008ed00000| Complete 
|  66|0x000000008ee00000, 0x000000008ef00000, 0x000000008ef00000|100%| E|CS|TAMS 0x000000008ee00000| PB 0x000000008ee00000| Complete 
|  67|0x000000008ef00000, 0x000000008f000000, 0x000000008f000000|100%| E|CS|TAMS 0x000000008ef00000| PB 0x000000008ef00000| Complete 
|  68|0x000000008f000000, 0x000000008f100000, 0x000000008f100000|100%| E|CS|TAMS 0x000000008f000000| PB 0x000000008f000000| Complete 
|  69|0x000000008f100000, 0x000000008f200000, 0x000000008f200000|100%| E|CS|TAMS 0x000000008f100000| PB 0x000000008f100000| Complete 
|  70|0x000000008f200000, 0x000000008f300000, 0x000000008f300000|100%| E|CS|TAMS 0x000000008f200000| PB 0x000000008f200000| Complete 
|  71|0x000000008f300000, 0x000000008f400000, 0x000000008f400000|100%| E|CS|TAMS 0x000000008f300000| PB 0x000000008f300000| Complete 
|  72|0x000000008f400000, 0x000000008f500000, 0x000000008f500000|100%| E|CS|TAMS 0x000000008f400000| PB 0x000000008f400000| Complete 
|  73|0x000000008f500000, 0x000000008f600000, 0x000000008f600000|100%| E|  |TAMS 0x000000008f500000| PB 0x000000008f500000| Complete 
|  74|0x000000008f600000, 0x000000008f700000, 0x000000008f700000|100%| E|CS|TAMS 0x000000008f600000| PB 0x000000008f600000| Complete 
|  75|0x000000008f700000, 0x000000008f800000, 0x000000008f800000|100%| E|CS|TAMS 0x000000008f700000| PB 0x000000008f700000| Complete 
|  76|0x000000008f800000, 0x000000008f900000, 0x000000008f900000|100%| E|CS|TAMS 0x000000008f800000| PB 0x000000008f800000| Complete 
|  77|0x000000008f900000, 0x000000008fa00000, 0x000000008fa00000|100%| E|CS|TAMS 0x000000008f900000| PB 0x000000008f900000| Complete 
|  78|0x000000008fa00000, 0x000000008fb00000, 0x000000008fb00000|100%| E|CS|TAMS 0x000000008fa00000| PB 0x000000008fa00000| Complete 
|  79|0x000000008fb00000, 0x000000008fc00000, 0x000000008fc00000|100%| E|CS|TAMS 0x000000008fb00000| PB 0x000000008fb00000| Complete 
|  80|0x000000008fc00000, 0x000000008fd00000, 0x000000008fd00000|100%| E|CS|TAMS 0x000000008fc00000| PB 0x000000008fc00000| Complete 
| 116|0x0000000092000000, 0x0000000092100000, 0x0000000092100000|100%| E|CS|TAMS 0x0000000092000000| PB 0x0000000092000000| Complete 
| 117|0x0000000092100000, 0x0000000092200000, 0x0000000092200000|100%| E|CS|TAMS 0x0000000092100000| PB 0x0000000092100000| Complete 

Card table byte_map: [0x000002c9ff040000,0x000002c9ff3f0000] _byte_map_base: 0x000002c9febea000

Marking Bits: (CMBitMap*) 0x000002c9f7ea4660
 Bits: [0x000002c980000000, 0x000002c981d50000)

Polling page: 0x000002c9f5db0000

Metaspace:

Usage:
  Non-class:     44.32 MB used.
      Class:      6.97 MB used.
       Both:     51.29 MB used.

Virtual space:
  Non-class space:       64.00 MB reserved,      44.69 MB ( 70%) committed,  1 nodes.
      Class space:        1.00 GB reserved,       7.25 MB ( <1%) committed,  1 nodes.
             Both:        1.06 GB reserved,      51.94 MB (  5%) committed. 

Chunk freelists:
   Non-Class:  2.61 MB
       Class:  8.60 MB
        Both:  11.21 MB

MaxMetaspaceSize: unlimited
CompressedClassSpaceSize: 1.00 GB
Initial GC threshold: 21.00 MB
Current GC threshold: 58.69 MB
CDS: on
 - commit_granule_bytes: 65536.
 - commit_granule_words: 8192.
 - virtual_space_node_default_size: 8388608.
 - enlarge_chunks_in_place: 1.
 - use_allocation_guard: 0.


Internal statistics:

num_allocs_failed_limit: 3.
num_arena_births: 822.
num_arena_deaths: 0.
num_vsnodes_births: 2.
num_vsnodes_deaths: 0.
num_space_committed: 831.
num_space_uncommitted: 0.
num_chunks_returned_to_freelist: 3.
num_chunks_taken_from_freelist: 2609.
num_chunk_merges: 3.
num_chunk_splits: 1914.
num_chunks_enlarged: 1470.
num_inconsistent_stats: 0.

CodeCache: size=49152Kb used=9462Kb max_used=10778Kb free=39689Kb
 bounds [0x000002c9fb950000, 0x000002c9fc3e0000, 0x000002c9fe950000]
 total_blobs=5410 nmethods=4799 adapters=533
 compilation: enabled
              stopped_count=0, restarted_count=0
 full_count=0

Compilation events (20 events):
Event: 63.503 Thread 0x000002c983f1efa0 4838       1       java.io.FilterInputStream::read (8 bytes)
Event: 63.503 Thread 0x000002c983f1efa0 nmethod 4838 0x000002c9fc06f810 code [0x000002c9fc06f9c0, 0x000002c9fc06fac0]
Event: 63.924 Thread 0x000002c983f1efa0 4840       1       java.util.EventObject::<init> (24 bytes)
Event: 63.924 Thread 0x000002c983f1efa0 nmethod 4840 0x000002c9fc06ef90 code [0x000002c9fc06f140, 0x000002c9fc06f318]
Event: 63.924 Thread 0x000002c983f1efa0 4841       1       java.util.concurrent.locks.ReentrantReadWriteLock::readLock (5 bytes)
Event: 63.924 Thread 0x000002c983f1efa0 nmethod 4841 0x000002c9fc06ec90 code [0x000002c9fc06ee20, 0x000002c9fc06eee8]
Event: 64.034 Thread 0x000002c983f1efa0 4842       1       java.io.DataOutputStream::writeByte (14 bytes)
Event: 64.034 Thread 0x000002c983f1efa0 nmethod 4842 0x000002c9fc06e910 code [0x000002c9fc06eac0, 0x000002c9fc06ebe0]
Event: 64.034 Thread 0x000002c983f1efa0 4847   !   1       sun.nio.ch.NioSocketImpl::write (90 bytes)
Event: 64.035 Thread 0x000002c983f1efa0 nmethod 4847 0x000002c9fc06dd90 code [0x000002c9fc06dfe0, 0x000002c9fc06e4b0]
Event: 64.035 Thread 0x000002c983f1efa0 4843   !   1       java.io.BufferedOutputStream::write (62 bytes)
Event: 64.035 Thread 0x000002c983f1efa0 nmethod 4843 0x000002c9fc06d210 code [0x000002c9fc06d460, 0x000002c9fc06d988]
Event: 64.035 Thread 0x000002c983f1efa0 4844       1       java.io.BufferedOutputStream::implWrite (40 bytes)
Event: 64.035 Thread 0x000002c983f1efa0 nmethod 4844 0x000002c9fc06cd90 code [0x000002c9fc06cf40, 0x000002c9fc06d0e8]
Event: 64.035 Thread 0x000002c983f1efa0 4845   !   1       java.net.Socket$SocketOutputStream::write (54 bytes)
Event: 64.036 Thread 0x000002c983f1efa0 nmethod 4845 0x000002c9fc06c710 code [0x000002c9fc06c8e0, 0x000002c9fc06cb90]
Event: 64.036 Thread 0x000002c983f1efa0 4846       1       sun.nio.ch.NioSocketImpl$2::write (11 bytes)
Event: 64.036 Thread 0x000002c983f1efa0 nmethod 4846 0x000002c9fc06c390 code [0x000002c9fc06c540, 0x000002c9fc06c658]
Event: 64.036 Thread 0x000002c983f1efa0 4848   !   1       sun.nio.ch.NioSocketImpl::implWrite (119 bytes)
Event: 64.036 Thread 0x000002c983f1efa0 nmethod 4848 0x000002c9fc06b690 code [0x000002c9fc06b8c0, 0x000002c9fc06bee8]

GC Heap History (20 events):
Event: 2.363 GC heap before
{Heap before GC invocations=6 (full 0):
 garbage-first heap   total 48128K, used 37692K [0x000000008ac00000, 0x0000000100000000)
  region size 1024K, 27 young (27648K), 3 survivors (3072K)
 Metaspace       used 24524K, committed 24896K, reserved 1114112K
  class space    used 3190K, committed 3392K, reserved 1048576K
}
Event: 2.366 GC heap after
{Heap after GC invocations=7 (full 0):
 garbage-first heap   total 58368K, used 15125K [0x000000008ac00000, 0x0000000100000000)
  region size 1024K, 2 young (2048K), 2 survivors (2048K)
 Metaspace       used 24524K, committed 24896K, reserved 1114112K
  class space    used 3190K, committed 3392K, reserved 1048576K
}
Event: 2.662 GC heap before
{Heap before GC invocations=7 (full 0):
 garbage-first heap   total 58368K, used 46869K [0x000000008ac00000, 0x0000000100000000)
  region size 1024K, 34 young (34816K), 2 survivors (2048K)
 Metaspace       used 26261K, committed 26688K, reserved 1114112K
  class space    used 3435K, committed 3648K, reserved 1048576K
}
Event: 2.665 GC heap after
{Heap after GC invocations=8 (full 0):
 garbage-first heap   total 58368K, used 16743K [0x000000008ac00000, 0x0000000100000000)
  region size 1024K, 4 young (4096K), 4 survivors (4096K)
 Metaspace       used 26261K, committed 26688K, reserved 1114112K
  class space    used 3435K, committed 3648K, reserved 1048576K
}
Event: 2.983 GC heap before
{Heap before GC invocations=8 (full 0):
 garbage-first heap   total 58368K, used 46439K [0x000000008ac00000, 0x0000000100000000)
  region size 1024K, 34 young (34816K), 4 survivors (4096K)
 Metaspace       used 28129K, committed 28544K, reserved 1114112K
  class space    used 3715K, committed 3904K, reserved 1048576K
}
Event: 2.988 GC heap after
{Heap after GC invocations=9 (full 0):
 garbage-first heap   total 58368K, used 17961K [0x000000008ac00000, 0x0000000100000000)
  region size 1024K, 3 young (3072K), 3 survivors (3072K)
 Metaspace       used 28129K, committed 28544K, reserved 1114112K
  class space    used 3715K, committed 3904K, reserved 1048576K
}
Event: 3.319 GC heap before
{Heap before GC invocations=9 (full 0):
 garbage-first heap   total 58368K, used 49705K [0x000000008ac00000, 0x0000000100000000)
  region size 1024K, 34 young (34816K), 3 survivors (3072K)
 Metaspace       used 30965K, committed 31488K, reserved 1114112K
  class space    used 4166K, committed 4416K, reserved 1048576K
}
Event: 3.323 GC heap after
{Heap after GC invocations=10 (full 0):
 garbage-first heap   total 58368K, used 19677K [0x000000008ac00000, 0x0000000100000000)
  region size 1024K, 3 young (3072K), 3 survivors (3072K)
 Metaspace       used 30965K, committed 31488K, reserved 1114112K
  class space    used 4166K, committed 4416K, reserved 1048576K
}
Event: 3.570 GC heap before
{Heap before GC invocations=10 (full 0):
 garbage-first heap   total 58368K, used 49373K [0x000000008ac00000, 0x0000000100000000)
  region size 1024K, 33 young (33792K), 3 survivors (3072K)
 Metaspace       used 33162K, committed 33664K, reserved 1114112K
  class space    used 4412K, committed 4608K, reserved 1048576K
}
Event: 3.574 GC heap after
{Heap after GC invocations=11 (full 0):
 garbage-first heap   total 58368K, used 20752K [0x000000008ac00000, 0x0000000100000000)
  region size 1024K, 3 young (3072K), 3 survivors (3072K)
 Metaspace       used 33162K, committed 33664K, reserved 1114112K
  class space    used 4412K, committed 4608K, reserved 1048576K
}
Event: 3.687 GC heap before
{Heap before GC invocations=11 (full 0):
 garbage-first heap   total 58368K, used 39184K [0x000000008ac00000, 0x0000000100000000)
  region size 1024K, 22 young (22528K), 3 survivors (3072K)
 Metaspace       used 35302K, committed 35840K, reserved 1114112K
  class space    used 4617K, committed 4864K, reserved 1048576K
}
Event: 3.691 GC heap after
{Heap after GC invocations=12 (full 0):
 garbage-first heap   total 70656K, used 21864K [0x000000008ac00000, 0x0000000100000000)
  region size 1024K, 3 young (3072K), 3 survivors (3072K)
 Metaspace       used 35302K, committed 35840K, reserved 1114112K
  class space    used 4617K, committed 4864K, reserved 1048576K
}
Event: 3.974 GC heap before
{Heap before GC invocations=13 (full 0):
 garbage-first heap   total 70656K, used 60776K [0x000000008ac00000, 0x0000000100000000)
  region size 1024K, 41 young (41984K), 3 survivors (3072K)
 Metaspace       used 38940K, committed 39552K, reserved 1114112K
  class space    used 5083K, committed 5376K, reserved 1048576K
}
Event: 3.978 GC heap after
{Heap after GC invocations=14 (full 0):
 garbage-first heap   total 70656K, used 22544K [0x000000008ac00000, 0x0000000100000000)
  region size 1024K, 3 young (3072K), 3 survivors (3072K)
 Metaspace       used 38940K, committed 39552K, reserved 1114112K
  class space    used 5083K, committed 5376K, reserved 1048576K
}
Event: 4.220 GC heap before
{Heap before GC invocations=14 (full 0):
 garbage-first heap   total 70656K, used 61456K [0x000000008ac00000, 0x0000000100000000)
  region size 1024K, 41 young (41984K), 3 survivors (3072K)
 Metaspace       used 42633K, committed 43200K, reserved 1114112K
  class space    used 5619K, committed 5888K, reserved 1048576K
}
Event: 4.224 GC heap after
{Heap after GC invocations=15 (full 0):
 garbage-first heap   total 70656K, used 23007K [0x000000008ac00000, 0x0000000100000000)
  region size 1024K, 4 young (4096K), 4 survivors (4096K)
 Metaspace       used 42633K, committed 43200K, reserved 1114112K
  class space    used 5619K, committed 5888K, reserved 1048576K
}
Event: 4.457 GC heap before
{Heap before GC invocations=15 (full 0):
 garbage-first heap   total 70656K, used 60895K [0x000000008ac00000, 0x0000000100000000)
  region size 1024K, 41 young (41984K), 4 survivors (4096K)
 Metaspace       used 45917K, committed 46528K, reserved 1114112K
  class space    used 6164K, committed 6464K, reserved 1048576K
}
Event: 4.461 GC heap after
{Heap after GC invocations=16 (full 0):
 garbage-first heap   total 70656K, used 23802K [0x000000008ac00000, 0x0000000100000000)
  region size 1024K, 4 young (4096K), 4 survivors (4096K)
 Metaspace       used 45917K, committed 46528K, reserved 1114112K
  class space    used 6164K, committed 6464K, reserved 1048576K
}
Event: 4.699 GC heap before
{Heap before GC invocations=16 (full 0):
 garbage-first heap   total 70656K, used 61690K [0x000000008ac00000, 0x0000000100000000)
  region size 1024K, 41 young (41984K), 4 survivors (4096K)
 Metaspace       used 49551K, committed 50176K, reserved 1114112K
  class space    used 6635K, committed 6912K, reserved 1048576K
}
Event: 4.702 GC heap after
{Heap after GC invocations=17 (full 0):
 garbage-first heap   total 84992K, used 24263K [0x000000008ac00000, 0x0000000100000000)
  region size 1024K, 4 young (4096K), 4 survivors (4096K)
 Metaspace       used 49551K, committed 50176K, reserved 1114112K
  class space    used 6635K, committed 6912K, reserved 1048576K
}

Dll operation events (12 events):
Event: 0.030 Loaded shared library C:\Users\91721\Desktop\Spring softwares\sts-4.27.0.RELEASE\plugins\org.eclipse.justj.openjdk.hotspot.jre.full.win32.x86_64_21.0.5.v20241023-1957\jre\bin\java.dll
Event: 0.067 Loaded shared library C:\Users\91721\Desktop\Spring softwares\sts-4.27.0.RELEASE\plugins\org.eclipse.justj.openjdk.hotspot.jre.full.win32.x86_64_21.0.5.v20241023-1957\jre\bin\zip.dll
Event: 0.419 Loaded shared library C:\Users\91721\Desktop\Spring softwares\sts-4.27.0.RELEASE\plugins\org.eclipse.justj.openjdk.hotspot.jre.full.win32.x86_64_21.0.5.v20241023-1957\jre\bin\instrument.dll
Event: 0.426 Loaded shared library C:\Users\91721\Desktop\Spring softwares\sts-4.27.0.RELEASE\plugins\org.eclipse.justj.openjdk.hotspot.jre.full.win32.x86_64_21.0.5.v20241023-1957\jre\bin\net.dll
Event: 0.428 Loaded shared library C:\Users\91721\Desktop\Spring softwares\sts-4.27.0.RELEASE\plugins\org.eclipse.justj.openjdk.hotspot.jre.full.win32.x86_64_21.0.5.v20241023-1957\jre\bin\nio.dll
Event: 0.433 Loaded shared library C:\Users\91721\Desktop\Spring softwares\sts-4.27.0.RELEASE\plugins\org.eclipse.justj.openjdk.hotspot.jre.full.win32.x86_64_21.0.5.v20241023-1957\jre\bin\zip.dll
Event: 0.583 Loaded shared library C:\Users\91721\Desktop\Spring softwares\sts-4.27.0.RELEASE\plugins\org.eclipse.justj.openjdk.hotspot.jre.full.win32.x86_64_21.0.5.v20241023-1957\jre\bin\jimage.dll
Event: 0.638 Loaded shared library C:\Users\91721\Desktop\Spring softwares\sts-4.27.0.RELEASE\plugins\org.eclipse.justj.openjdk.hotspot.jre.full.win32.x86_64_21.0.5.v20241023-1957\jre\bin\management.dll
Event: 0.651 Loaded shared library C:\Users\91721\Desktop\Spring softwares\sts-4.27.0.RELEASE\plugins\org.eclipse.justj.openjdk.hotspot.jre.full.win32.x86_64_21.0.5.v20241023-1957\jre\bin\management_ext.dll
Event: 0.887 Loaded shared library C:\Users\91721\Desktop\Spring softwares\sts-4.27.0.RELEASE\plugins\org.eclipse.justj.openjdk.hotspot.jre.full.win32.x86_64_21.0.5.v20241023-1957\jre\bin\extnet.dll
Event: 0.923 Loaded shared library C:\Users\91721\Desktop\Spring softwares\sts-4.27.0.RELEASE\plugins\org.eclipse.justj.openjdk.hotspot.jre.full.win32.x86_64_21.0.5.v20241023-1957\jre\bin\verify.dll
Event: 2.389 Loaded shared library C:\Users\91721\Desktop\Spring softwares\sts-4.27.0.RELEASE\plugins\org.eclipse.justj.openjdk.hotspot.jre.full.win32.x86_64_21.0.5.v20241023-1957\jre\bin\sunmscapi.dll

Deoptimization events (20 events):
Event: 61.995 Thread 0x000002c9c91b9f70 DEOPT PACKING pc=0x000002c9fc392874 sp=0x000000fbc78feb00
Event: 61.995 Thread 0x000002c9c91b9f70 DEOPT UNPACKING pc=0x000002c9fb9a4e42 sp=0x000000fbc78fdff0 mode 1
Event: 62.497 Thread 0x000002c9c91b9f70 DEOPT PACKING pc=0x000002c9fc38ca34 sp=0x000000fbc78fe950
Event: 62.497 Thread 0x000002c9c91b9f70 DEOPT UNPACKING pc=0x000002c9fb9a4e42 sp=0x000000fbc78fde50 mode 1
Event: 62.497 Thread 0x000002c9c91b9f70 DEOPT PACKING pc=0x000002c9fc392874 sp=0x000000fbc78feb00
Event: 62.497 Thread 0x000002c9c91b9f70 DEOPT UNPACKING pc=0x000002c9fb9a4e42 sp=0x000000fbc78fdff0 mode 1
Event: 63.001 Thread 0x000002c9c91b9f70 DEOPT PACKING pc=0x000002c9fc38ca34 sp=0x000000fbc78fe950
Event: 63.001 Thread 0x000002c9c91b9f70 DEOPT UNPACKING pc=0x000002c9fb9a4e42 sp=0x000000fbc78fde50 mode 1
Event: 63.001 Thread 0x000002c9c91b9f70 DEOPT PACKING pc=0x000002c9fc392874 sp=0x000000fbc78feb00
Event: 63.001 Thread 0x000002c9c91b9f70 DEOPT UNPACKING pc=0x000002c9fb9a4e42 sp=0x000000fbc78fdff0 mode 1
Event: 63.503 Thread 0x000002c9c91b9f70 DEOPT PACKING pc=0x000002c9fc38ca34 sp=0x000000fbc78fe950
Event: 63.503 Thread 0x000002c9c91b9f70 DEOPT UNPACKING pc=0x000002c9fb9a4e42 sp=0x000000fbc78fde50 mode 1
Event: 63.503 Thread 0x000002c9c91b9f70 DEOPT PACKING pc=0x000002c9fc392874 sp=0x000000fbc78feb00
Event: 63.503 Thread 0x000002c9c91b9f70 DEOPT UNPACKING pc=0x000002c9fb9a4e42 sp=0x000000fbc78fdff0 mode 1
Event: 64.034 Thread 0x000002c9c91b9f70 DEOPT PACKING pc=0x000002c9fc38ca34 sp=0x000000fbc78fe950
Event: 64.035 Thread 0x000002c9c91b9f70 DEOPT UNPACKING pc=0x000002c9fb9a4e42 sp=0x000000fbc78fde50 mode 1
Event: 64.035 Thread 0x000002c9c91b9f70 DEOPT PACKING pc=0x000002c9fc392874 sp=0x000000fbc78feb00
Event: 64.035 Thread 0x000002c9c91b9f70 DEOPT UNPACKING pc=0x000002c9fb9a4e42 sp=0x000000fbc78fdff0 mode 1
Event: 64.201 Thread 0x000002c9ca2f1c60 DEOPT PACKING pc=0x000002c9fbd04834 sp=0x000000fbc7bfe130
Event: 64.201 Thread 0x000002c9ca2f1c60 DEOPT UNPACKING pc=0x000002c9fb9a4e42 sp=0x000000fbc7bfd5e8 mode 0

Classes loaded (20 events):
Event: 4.585 Loading class javax/naming/RefAddr
Event: 4.585 Loading class javax/naming/RefAddr done
Event: 4.585 Loading class javax/naming/StringRefAddr
Event: 4.585 Loading class javax/naming/StringRefAddr done
Event: 4.609 Loading class java/util/concurrent/CompletionStage
Event: 4.609 Loading class java/util/concurrent/CompletionStage done
Event: 4.610 Loading class java/util/concurrent/CompletableFuture
Event: 4.611 Loading class java/util/concurrent/CompletableFuture done
Event: 4.611 Loading class java/util/concurrent/CompletableFuture$AltResult
Event: 4.611 Loading class java/util/concurrent/CompletableFuture$AltResult done
Event: 4.611 Loading class java/util/concurrent/CompletableFuture$Completion
Event: 4.611 Loading class java/util/concurrent/CompletableFuture$AsynchronousCompletionTask
Event: 4.611 Loading class java/util/concurrent/CompletableFuture$AsynchronousCompletionTask done
Event: 4.611 Loading class java/util/concurrent/CompletableFuture$Completion done
Event: 4.665 Loading class java/util/concurrent/CancellationException
Event: 4.665 Loading class java/util/concurrent/CancellationException done
Event: 4.861 Loading class javax/naming/Reference
Event: 4.861 Loading class javax/naming/Reference done
Event: 4.864 Loading class java/util/ArrayList$ListItr
Event: 4.865 Loading class java/util/ArrayList$ListItr done

Classes unloaded (0 events):
No events

Classes redefined (1 events):
Event: 64.229 Thread 0x000002c983ee8220 redefined class name=com.sathya.MVC.TestController.Controller, count=1

Internal exceptions (20 events):
Event: 3.306 Thread 0x000002c9ca2f1c60 Exception <a 'java/lang/NoSuchMethodError'{0x000000008c7a9650}: 'java.lang.Object java.lang.invoke.DirectMethodHandle$Holder.invokeSpecial(java.lang.Object, java.lang.Object, java.lang.Object, java.lang.Object, int)'> (0x000000008c7a9650) 
thrown [s\src\hotspot\share\interpreter\linkResolver.cpp, line 773]
Event: 3.306 Thread 0x000002c9ca2f1c60 Exception <a 'java/lang/NoSuchMethodError'{0x000000008c7acaf8}: 'java.lang.Object java.lang.invoke.Invokers$Holder.linkToTargetMethod(java.lang.Object, java.lang.Object, int, java.lang.Object)'> (0x000000008c7acaf8) 
thrown [s\src\hotspot\share\interpreter\linkResolver.cpp, line 773]
Event: 3.471 Thread 0x000002c9ca2f1c60 Exception <a 'java/lang/NoSuchMethodError'{0x000000008d275268}: 'int java.lang.invoke.DirectMethodHandle$Holder.invokeVirtual(java.lang.Object, java.lang.Object, java.lang.Object, java.lang.Object)'> (0x000000008d275268) 
thrown [s\src\hotspot\share\interpreter\linkResolver.cpp, line 773]
Event: 3.472 Thread 0x000002c9ca2f1c60 Exception <a 'java/lang/NoSuchMethodError'{0x000000008d278b38}: 'int java.lang.invoke.DelegatingMethodHandle$Holder.reinvoke_L(java.lang.Object, java.lang.Object, java.lang.Object, java.lang.Object)'> (0x000000008d278b38) 
thrown [s\src\hotspot\share\interpreter\linkResolver.cpp, line 773]
Event: 3.522 Thread 0x000002c9ca2f1c60 Exception <a 'java/io/FileNotFoundException'{0x000000008cd73038}> (0x000000008cd73038) 
thrown [s\src\hotspot\share\prims\jni.cpp, line 520]
Event: 3.531 Thread 0x000002c9ca2f1c60 Exception <a 'java/io/FileNotFoundException'{0x000000008cc8eb00}> (0x000000008cc8eb00) 
thrown [s\src\hotspot\share\prims\jni.cpp, line 520]
Event: 3.537 Thread 0x000002c9ca2f1c60 Exception <a 'java/lang/NoSuchMethodError'{0x000000008cb54eb8}: 'int java.lang.invoke.DirectMethodHandle$Holder.invokeInterface(java.lang.Object, java.lang.Object, java.lang.Object, java.lang.Object)'> (0x000000008cb54eb8) 
thrown [s\src\hotspot\share\interpreter\linkResolver.cpp, line 773]
Event: 3.664 Thread 0x000002c9ca2f1c60 Exception <a 'java/lang/NoSuchMethodError'{0x000000008d6bd8a8}: 'void java.lang.invoke.DirectMethodHandle$Holder.invokeStaticInit(java.lang.Object, java.lang.Object, java.lang.Object, java.lang.Object, java.lang.Object)'> (0x000000008d6bd8a8) 
thrown [s\src\hotspot\share\interpreter\linkResolver.cpp, line 773]
Event: 3.818 Thread 0x000002c9ca2f1c60 Exception <a 'java/lang/NoSuchMethodError'{0x000000008db2f2a8}: 'java.lang.Object java.lang.invoke.DirectMethodHandle$Holder.invokeStaticInit(java.lang.Object, java.lang.Object, java.lang.Object, java.lang.Object)'> (0x000000008db2f2a8) 
thrown [s\src\hotspot\share\interpreter\linkResolver.cpp, line 773]
Event: 3.861 Thread 0x000002c9ca2f1c60 Exception <a 'java/lang/NoSuchMethodError'{0x000000008d8f9a38}: 'long java.lang.invoke.DirectMethodHandle$Holder.invokeVirtual(java.lang.Object, java.lang.Object)'> (0x000000008d8f9a38) 
thrown [s\src\hotspot\share\interpreter\linkResolver.cpp, line 773]
Event: 3.865 Thread 0x000002c9ca2f1c60 Exception <a 'java/io/FileNotFoundException'{0x000000008d76f7d0}> (0x000000008d76f7d0) 
thrown [s\src\hotspot\share\prims\jni.cpp, line 520]
Event: 3.897 Thread 0x000002c9ca2f1c60 Exception <a 'java/lang/NoSuchMethodError'{0x000000008d5f3650}: 'java.lang.Object java.lang.invoke.DirectMethodHandle$Holder.newInvokeSpecial(java.lang.Object, java.lang.Object, java.lang.Object, java.lang.Object, java.lang.Object, java.lang.Object, java.lang.Object, java.lang.Object, java.lang.Object, java.lang.Object, java.lang.Object)'> (0x000000008d5f3650) 
thrown [s\src\hotspot\share\interpreter\linkResolver.cpp, line 773]
Event: 3.968 Thread 0x000002c9ca2f1c60 Exception <a 'java/lang/NoSuchMethodError'{0x000000008c9eee60}: 'void java.lang.invoke.DelegatingMethodHandle$Holder.reinvoke_L(java.lang.Object, java.lang.Object, java.lang.Object, java.lang.Object, int, java.lang.Object, java.lang.Object, java.lang.Object)'> (0x000000008c9eee60) 
thrown [s\src\hotspot\share\interpreter\linkResolver.cpp, line 773]
Event: 4.414 Thread 0x000002c9ca2f1c60 Exception <a 'java/lang/NoSuchMethodError'{0x000000008d5a6390}: 'int java.lang.invoke.DirectMethodHandle$Holder.invokeStatic(java.lang.Object)'> (0x000000008d5a6390) 
thrown [s\src\hotspot\share\interpreter\linkResolver.cpp, line 773]
Event: 4.482 Thread 0x000002c9ca2f1c60 Exception <a 'java/lang/NoSuchMethodError'{0x000000008ee6fb18}: 'int java.lang.invoke.Invokers$Holder.invokeExact_MT(java.lang.Object, java.lang.Object)'> (0x000000008ee6fb18) 
thrown [s\src\hotspot\share\interpreter\linkResolver.cpp, line 773]
Event: 4.671 Thread 0x000002c9ca2f1c60 Exception <a 'java/lang/IncompatibleClassChangeError'{0x000000008d018ff8}: Found class java.lang.Object, but interface was expected> (0x000000008d018ff8) 
thrown [s\src\hotspot\share\interpreter\linkResolver.cpp, line 840]
Event: 4.688 Thread 0x000002c9ca2f1c60 Exception <a 'java/lang/NoSuchMethodError'{0x000000008cd14b88}: 'java.lang.Object java.lang.invoke.DirectMethodHandle$Holder.invokeStatic(java.lang.Object, java.lang.Object, int, java.lang.Object)'> (0x000000008cd14b88) 
thrown [s\src\hotspot\share\interpreter\linkResolver.cpp, line 773]
Event: 4.689 Thread 0x000002c9ca2f1c60 Exception <a 'java/lang/NoSuchMethodError'{0x000000008cd183c0}: 'java.lang.Object java.lang.invoke.DirectMethodHandle$Holder.invokeStaticInit(java.lang.Object, java.lang.Object, int, java.lang.Object)'> (0x000000008cd183c0) 
thrown [s\src\hotspot\share\interpreter\linkResolver.cpp, line 773]
Event: 4.838 Thread 0x000002c9ca2f1c60 Exception <a 'java/lang/NoSuchMethodError'{0x000000008ea44570}: 'void java.lang.invoke.DirectMethodHandle$Holder.invokeInterface(java.lang.Object, java.lang.Object)'> (0x000000008ea44570) 
thrown [s\src\hotspot\share\interpreter\linkResolver.cpp, line 773]
Event: 4.871 Thread 0x000002c9ca2f1c60 Exception <a 'java/lang/NoSuchMethodError'{0x000000008e7cb758}: 'void java.lang.invoke.Invokers$Holder.invokeExact_MT(java.lang.Object, java.lang.Object, java.lang.Object, java.lang.Object)'> (0x000000008e7cb758) 
thrown [s\src\hotspot\share\interpreter\linkResolver.cpp, line 773]

ZGC Phase Switch (0 events):
No events

VM Operations (20 events):
Event: 54.739 Executing VM operation: Cleanup
Event: 54.739 Executing VM operation: Cleanup done
Event: 57.753 Executing VM operation: Cleanup
Event: 57.753 Executing VM operation: Cleanup done
Event: 60.100 Executing VM operation: HandshakeAllThreads (HandshakeForDeflation)
Event: 60.100 Executing VM operation: HandshakeAllThreads (HandshakeForDeflation) done
Event: 60.100 Executing VM operation: RendezvousGCThreads
Event: 60.100 Executing VM operation: RendezvousGCThreads done
Event: 63.128 Executing VM operation: Cleanup
Event: 63.128 Executing VM operation: Cleanup done
Event: 64.142 Executing VM operation: Cleanup
Event: 64.142 Executing VM operation: Cleanup done
Event: 64.201 Executing VM operation: ChangeSingleStep
Event: 64.201 Executing VM operation: ChangeSingleStep done
Event: 64.201 Executing VM operation: ChangeSingleStep
Event: 64.201 Executing VM operation: ChangeSingleStep done
Event: 64.220 Executing VM operation: RedefineClasses
Event: 64.252 Executing VM operation: RedefineClasses done
Event: 64.256 Executing VM operation: ChangeSingleStep
Event: 64.256 Executing VM operation: ChangeSingleStep done

Memory protections (0 events):
No events

Nmethod flushes (20 events):
Event: 3.701 Thread 0x000002c983ee8220 flushing  nmethod 0x000002c9fbc5d510
Event: 3.701 Thread 0x000002c983ee8220 flushing  nmethod 0x000002c9fbc5db90
Event: 3.701 Thread 0x000002c983ee8220 flushing  nmethod 0x000002c9fbc5e110
Event: 3.701 Thread 0x000002c983ee8220 flushing  nmethod 0x000002c9fbcdb590
Event: 3.701 Thread 0x000002c983ee8220 flushing  nmethod 0x000002c9fbcff710
Event: 3.701 Thread 0x000002c983ee8220 flushing  nmethod 0x000002c9fbd73610
Event: 3.701 Thread 0x000002c983ee8220 flushing  nmethod 0x000002c9fbda5890
Event: 3.701 Thread 0x000002c983ee8220 flushing  nmethod 0x000002c9fbe3fb10
Event: 3.701 Thread 0x000002c983ee8220 flushing  nmethod 0x000002c9fbf6c890
Event: 3.701 Thread 0x000002c983ee8220 flushing  nmethod 0x000002c9fbbfcd10
Event: 3.701 Thread 0x000002c983ee8220 flushing  nmethod 0x000002c9fbc02c10
Event: 3.701 Thread 0x000002c983ee8220 flushing  nmethod 0x000002c9fbc03490
Event: 3.701 Thread 0x000002c983ee8220 flushing  nmethod 0x000002c9fbc96190
Event: 3.701 Thread 0x000002c983ee8220 flushing  nmethod 0x000002c9fbd63d10
Event: 3.701 Thread 0x000002c983ee8220 flushing  nmethod 0x000002c9fbc08d90
Event: 3.701 Thread 0x000002c983ee8220 flushing  nmethod 0x000002c9fbc09290
Event: 3.701 Thread 0x000002c983ee8220 flushing  nmethod 0x000002c9fbd5e390
Event: 3.701 Thread 0x000002c983ee8220 flushing  nmethod 0x000002c9fbda7890
Event: 3.701 Thread 0x000002c983ee8220 flushing  nmethod 0x000002c9fbda9790
Event: 3.701 Thread 0x000002c983ee8220 flushing  nmethod 0x000002c9fbf71310

Events (20 events):
Event: 1.041 Thread 0x000002c9c91b7810 Thread added: 0x000002c9c91b8530
Event: 1.058 Thread 0x000002c9c91b8530 Thread added: 0x000002c9c91b9250
Event: 1.061 Thread 0x000002c9c91bac90 Thread added: 0x000002c9c91b9f70
Event: 1.079 Thread 0x000002c9c91b9f70 Thread added: 0x000002c9c91ba600
Event: 1.339 Thread 0x000002c9f5acfba0 Thread added: 0x000002c9ca2f50e0
Event: 1.343 Thread 0x000002c9ca2f50e0 Thread added: 0x000002c9ca2f1c60
Event: 1.787 Thread 0x000002c9ca2f1c60 Thread added: 0x000002c9ca2f4a50
Event: 2.109 Thread 0x000002c9ca2f1c60 Thread added: 0x000002c9ca2f6b20
Event: 2.152 Thread 0x000002c983edb860 Thread added: 0x000002c9ca96e9d0
Event: 2.218 Thread 0x000002c9ca2f6b20 Thread exited: 0x000002c9ca2f6b20
Event: 2.398 Thread 0x000002c9ca2f4a50 Thread exited: 0x000002c9ca2f4a50
Event: 3.808 Thread 0x000002c9ca2f1c60 Thread added: 0x000002c9ca2f43c0
Event: 3.873 Thread 0x000002c9ca2f1c60 Thread added: 0x000002c9ca2f5e00
Event: 3.874 Thread 0x000002c9ca2f5e00 Thread added: 0x000002c9ca2f2980
Event: 3.878 Thread 0x000002c9ca2f1c60 Thread added: 0x000002c9ca2f5770
Event: 3.916 Thread 0x000002c9ca2f43c0 Thread added: 0x000002c9ca2f6490
Event: 5.855 Thread 0x000002c9ca96e9d0 Thread exited: 0x000002c9ca96e9d0
Event: 6.915 Thread 0x000002c9c91c4ad0 Thread exited: 0x000002c9c91c4ad0
Event: 7.969 Thread 0x000002c983edb860 Thread exited: 0x000002c983edb860
Event: 9.262 Thread 0x000002c9ca2f6490 Thread exited: 0x000002c9ca2f6490


Dynamic libraries:
0x00007ff6c7ff0000 - 0x00007ff6c7ffe000 	C:\Users\91721\Desktop\Spring softwares\sts-4.27.0.RELEASE\plugins\org.eclipse.justj.openjdk.hotspot.jre.full.win32.x86_64_21.0.5.v20241023-1957\jre\bin\javaw.exe
0x00007fffbadd0000 - 0x00007fffbafe7000 	C:\WINDOWS\SYSTEM32\ntdll.dll
0x00007fffb9840000 - 0x00007fffb9904000 	C:\WINDOWS\System32\KERNEL32.DLL
0x00007fffb8330000 - 0x00007fffb86ea000 	C:\WINDOWS\System32\KERNELBASE.dll
0x00007fffb86f0000 - 0x00007fffb8801000 	C:\WINDOWS\System32\ucrtbase.dll
0x00007fff9adf0000 - 0x00007fff9ae0e000 	C:\Users\91721\Desktop\Spring softwares\sts-4.27.0.RELEASE\plugins\org.eclipse.justj.openjdk.hotspot.jre.full.win32.x86_64_21.0.5.v20241023-1957\jre\bin\VCRUNTIME140.dll
0x00007fffad730000 - 0x00007fffad748000 	C:\Users\91721\Desktop\Spring softwares\sts-4.27.0.RELEASE\plugins\org.eclipse.justj.openjdk.hotspot.jre.full.win32.x86_64_21.0.5.v20241023-1957\jre\bin\jli.dll
0x00007fffba6a0000 - 0x00007fffba84e000 	C:\WINDOWS\System32\USER32.dll
0x00007fffa5dc0000 - 0x00007fffa6052000 	C:\WINDOWS\WinSxS\amd64_microsoft.windows.common-controls_6595b64144ccf1df_6.0.22621.4541_none_2710d1c57384c085\COMCTL32.dll
0x00007fffb8930000 - 0x00007fffb8956000 	C:\WINDOWS\System32\win32u.dll
0x00007fffb8e10000 - 0x00007fffb8eb7000 	C:\WINDOWS\System32\msvcrt.dll
0x00007fffb8fe0000 - 0x00007fffb9009000 	C:\WINDOWS\System32\GDI32.dll
0x00007fffb8810000 - 0x00007fffb892b000 	C:\WINDOWS\System32\gdi32full.dll
0x00007fffb8290000 - 0x00007fffb832a000 	C:\WINDOWS\System32\msvcp_win.dll
0x00007fffba280000 - 0x00007fffba2b1000 	C:\WINDOWS\System32\IMM32.DLL
0x00007fffa41e0000 - 0x00007fffa41ec000 	C:\Users\91721\Desktop\Spring softwares\sts-4.27.0.RELEASE\plugins\org.eclipse.justj.openjdk.hotspot.jre.full.win32.x86_64_21.0.5.v20241023-1957\jre\bin\vcruntime140_1.dll
0x00007fff5aaa0000 - 0x00007fff5ab2d000 	C:\Users\91721\Desktop\Spring softwares\sts-4.27.0.RELEASE\plugins\org.eclipse.justj.openjdk.hotspot.jre.full.win32.x86_64_21.0.5.v20241023-1957\jre\bin\msvcp140.dll
0x00007fff31d90000 - 0x00007fff32b1f000 	C:\Users\91721\Desktop\Spring softwares\sts-4.27.0.RELEASE\plugins\org.eclipse.justj.openjdk.hotspot.jre.full.win32.x86_64_21.0.5.v20241023-1957\jre\bin\server\jvm.dll
0x00007fffba480000 - 0x00007fffba532000 	C:\WINDOWS\System32\ADVAPI32.dll
0x00007fffba5e0000 - 0x00007fffba687000 	C:\WINDOWS\System32\sechost.dll
0x00007fffb80a0000 - 0x00007fffb80c8000 	C:\WINDOWS\System32\bcrypt.dll
0x00007fffb8ec0000 - 0x00007fffb8fd4000 	C:\WINDOWS\System32\RPCRT4.dll
0x00007fffb8d90000 - 0x00007fffb8e01000 	C:\WINDOWS\System32\WS2_32.dll
0x00007fffb2e20000 - 0x00007fffb2e54000 	C:\WINDOWS\SYSTEM32\WINMM.dll
0x00007fffb7dc0000 - 0x00007fffb7e0d000 	C:\WINDOWS\SYSTEM32\POWRPROF.dll
0x00007fffb0540000 - 0x00007fffb054a000 	C:\WINDOWS\SYSTEM32\VERSION.dll
0x00007fffb7da0000 - 0x00007fffb7db3000 	C:\WINDOWS\SYSTEM32\UMPDC.dll
0x00007fffb70e0000 - 0x00007fffb70f8000 	C:\WINDOWS\SYSTEM32\kernel.appcore.dll
0x00007fffb3920000 - 0x00007fffb392a000 	C:\Users\91721\Desktop\Spring softwares\sts-4.27.0.RELEASE\plugins\org.eclipse.justj.openjdk.hotspot.jre.full.win32.x86_64_21.0.5.v20241023-1957\jre\bin\jimage.dll
0x00007fffb2e80000 - 0x00007fffb30b2000 	C:\WINDOWS\SYSTEM32\DBGHELP.DLL
0x00007fffba850000 - 0x00007fffbabdf000 	C:\WINDOWS\System32\combase.dll
0x00007fffb9760000 - 0x00007fffb9837000 	C:\WINDOWS\System32\OLEAUT32.dll
0x00007fffb0670000 - 0x00007fffb06a2000 	C:\WINDOWS\SYSTEM32\dbgcore.DLL
0x00007fffb80d0000 - 0x00007fffb814b000 	C:\WINDOWS\System32\bcryptPrimitives.dll
0x00007fffad9f0000 - 0x00007fffada2c000 	C:\Users\91721\Desktop\Spring softwares\sts-4.27.0.RELEASE\plugins\org.eclipse.justj.openjdk.hotspot.jre.full.win32.x86_64_21.0.5.v20241023-1957\jre\bin\jdwp.dll
0x00007fffb0ce0000 - 0x00007fffb0cef000 	C:\Users\91721\Desktop\Spring softwares\sts-4.27.0.RELEASE\plugins\org.eclipse.justj.openjdk.hotspot.jre.full.win32.x86_64_21.0.5.v20241023-1957\jre\bin\instrument.dll
0x00007fffad840000 - 0x00007fffad85f000 	C:\Users\91721\Desktop\Spring softwares\sts-4.27.0.RELEASE\plugins\org.eclipse.justj.openjdk.hotspot.jre.full.win32.x86_64_21.0.5.v20241023-1957\jre\bin\java.dll
0x00007fffb9a00000 - 0x00007fffba278000 	C:\WINDOWS\System32\SHELL32.dll
0x00007fffb5fe0000 - 0x00007fffb68e8000 	C:\WINDOWS\SYSTEM32\windows.storage.dll
0x00007fffb5ea0000 - 0x00007fffb5fdf000 	C:\WINDOWS\SYSTEM32\wintypes.dll
0x00007fffba380000 - 0x00007fffba47a000 	C:\WINDOWS\System32\SHCORE.dll
0x00007fffba320000 - 0x00007fffba37e000 	C:\WINDOWS\System32\shlwapi.dll
0x00007fffb7fd0000 - 0x00007fffb7ffb000 	C:\WINDOWS\SYSTEM32\profapi.dll
0x00007fffad710000 - 0x00007fffad728000 	C:\Users\91721\Desktop\Spring softwares\sts-4.27.0.RELEASE\plugins\org.eclipse.justj.openjdk.hotspot.jre.full.win32.x86_64_21.0.5.v20241023-1957\jre\bin\zip.dll
0x00007fffb3930000 - 0x00007fffb393b000 	C:\Users\91721\Desktop\Spring softwares\sts-4.27.0.RELEASE\plugins\org.eclipse.justj.openjdk.hotspot.jre.full.win32.x86_64_21.0.5.v20241023-1957\jre\bin\dt_socket.dll
0x00007fffb6b50000 - 0x00007fffb6b7d000 	C:\WINDOWS\SYSTEM32\IPHLPAPI.DLL
0x00007fffb7560000 - 0x00007fffb75c9000 	C:\WINDOWS\system32\mswsock.dll
0x00007fffb6b80000 - 0x00007fffb6c82000 	C:\WINDOWS\SYSTEM32\DNSAPI.dll
0x00007fffb99d0000 - 0x00007fffb99d9000 	C:\WINDOWS\System32\NSI.dll
0x00007fffb2c80000 - 0x00007fffb2c8a000 	C:\Windows\System32\rasadhlp.dll
0x00007fffb1100000 - 0x00007fffb1183000 	C:\WINDOWS\System32\fwpuclnt.dll
0x00007fffb0cd0000 - 0x00007fffb0ce0000 	C:\Users\91721\Desktop\Spring softwares\sts-4.27.0.RELEASE\plugins\org.eclipse.justj.openjdk.hotspot.jre.full.win32.x86_64_21.0.5.v20241023-1957\jre\bin\net.dll
0x00007fffb4c80000 - 0x00007fffb4db6000 	C:\WINDOWS\SYSTEM32\WINHTTP.dll
0x00007fff9e130000 - 0x00007fff9e146000 	C:\Users\91721\Desktop\Spring softwares\sts-4.27.0.RELEASE\plugins\org.eclipse.justj.openjdk.hotspot.jre.full.win32.x86_64_21.0.5.v20241023-1957\jre\bin\nio.dll
0x00007fff9e560000 - 0x00007fff9e56a000 	C:\Users\91721\Desktop\Spring softwares\sts-4.27.0.RELEASE\plugins\org.eclipse.justj.openjdk.hotspot.jre.full.win32.x86_64_21.0.5.v20241023-1957\jre\bin\management.dll
0x00007fff9afc0000 - 0x00007fff9afcb000 	C:\Users\91721\Desktop\Spring softwares\sts-4.27.0.RELEASE\plugins\org.eclipse.justj.openjdk.hotspot.jre.full.win32.x86_64_21.0.5.v20241023-1957\jre\bin\management_ext.dll
0x00007fffba690000 - 0x00007fffba698000 	C:\WINDOWS\System32\PSAPI.DLL
0x00007fffa2ed0000 - 0x00007fffa2ee7000 	C:\WINDOWS\system32\napinsp.dll
0x00007fffa3090000 - 0x00007fffa30ab000 	C:\WINDOWS\system32\pnrpnsp.dll
0x00007fffa50c0000 - 0x00007fffa50d1000 	C:\WINDOWS\System32\winrnr.dll
0x00007fffa50a0000 - 0x00007fffa50b5000 	C:\WINDOWS\system32\wshbth.dll
0x00007fffa5070000 - 0x00007fffa5097000 	C:\WINDOWS\system32\nlansp_c.dll
0x00007fffb77b0000 - 0x00007fffb77cb000 	C:\WINDOWS\SYSTEM32\CRYPTSP.dll
0x00007fffb7040000 - 0x00007fffb7075000 	C:\WINDOWS\system32\rsaenh.dll
0x00007fffb7650000 - 0x00007fffb7678000 	C:\WINDOWS\SYSTEM32\USERENV.dll
0x00007fffb77d0000 - 0x00007fffb77dc000 	C:\WINDOWS\SYSTEM32\CRYPTBASE.dll
0x00007fffac5d0000 - 0x00007fffac5d9000 	C:\Users\91721\Desktop\Spring softwares\sts-4.27.0.RELEASE\plugins\org.eclipse.justj.openjdk.hotspot.jre.full.win32.x86_64_21.0.5.v20241023-1957\jre\bin\extnet.dll
0x00007fffad830000 - 0x00007fffad840000 	C:\Users\91721\Desktop\Spring softwares\sts-4.27.0.RELEASE\plugins\org.eclipse.justj.openjdk.hotspot.jre.full.win32.x86_64_21.0.5.v20241023-1957\jre\bin\verify.dll
0x00007fffac700000 - 0x00007fffac70e000 	C:\Users\91721\Desktop\Spring softwares\sts-4.27.0.RELEASE\plugins\org.eclipse.justj.openjdk.hotspot.jre.full.win32.x86_64_21.0.5.v20241023-1957\jre\bin\sunmscapi.dll
0x00007fffb8960000 - 0x00007fffb8ac6000 	C:\WINDOWS\System32\CRYPT32.dll
0x00007fffb79e0000 - 0x00007fffb7a0d000 	C:\WINDOWS\SYSTEM32\ncrypt.dll
0x00007fffb79a0000 - 0x00007fffb79d7000 	C:\WINDOWS\SYSTEM32\NTASN1.dll

dbghelp: loaded successfully - version: 4.0.5 - missing functions: none
symbol engine: initialized successfully - sym options: 0x614 - pdb path: .;C:\Users\91721\Desktop\Spring softwares\sts-4.27.0.RELEASE\plugins\org.eclipse.justj.openjdk.hotspot.jre.full.win32.x86_64_21.0.5.v20241023-1957\jre\bin;C:\WINDOWS\SYSTEM32;C:\WINDOWS\WinSxS\amd64_microsoft.windows.common-controls_6595b64144ccf1df_6.0.22621.4541_none_2710d1c57384c085;C:\Users\91721\Desktop\Spring softwares\sts-4.27.0.RELEASE\plugins\org.eclipse.justj.openjdk.hotspot.jre.full.win32.x86_64_21.0.5.v20241023-1957\jre\bin\server

VM Arguments:
jvm_args: -XX:+ShowCodeDetailsInExceptionMessages -agentlib:jdwp=transport=dt_socket,suspend=y,address=localhost:55980 -Dcom.sun.management.jmxremote -Dcom.sun.management.jmxremote.port=55979 -Dcom.sun.management.jmxremote.authenticate=false -Dcom.sun.management.jmxremote.ssl=false -Djava.rmi.server.hostname=localhost -Dspring.jmx.enabled=true -Dmanagement.endpoints.jmx.exposure.include=* -Dspring.application.admin.enabled=true -XX:TieredStopAtLevel=1 -Dspring.boot.project.name=SpringBoot-1 -javaagent:C:\Users\91721\Desktop\Spring softwares\sts-4.27.0.RELEASE\configuration\org.eclipse.osgi\275\0\.cp\lib\javaagent-shaded.jar -Dfile.encoding=UTF-8 -Dstdout.encoding=UTF-8 -Dstderr.encoding=UTF-8 
java_command: com.sathya.MVC.SpringBoot1Application --spring.output.ansi.enabled=always
java_class_path (initial): C:\Users\91721\Desktop\SpringBoot ex\SpringBoot-1\target\classes;C:\Users\91721\.m2\repository\org\springframework\boot\spring-boot-starter-data-jpa\3.4.0\spring-boot-starter-data-jpa-3.4.0.jar;C:\Users\91721\.m2\repository\org\springframework\boot\spring-boot-starter\3.4.0\spring-boot-starter-3.4.0.jar;C:\Users\91721\.m2\repository\org\springframework\boot\spring-boot-starter-logging\3.4.0\spring-boot-starter-logging-3.4.0.jar;C:\Users\91721\.m2\repository\ch\qos\logback\logback-classic\1.5.12\logback-classic-1.5.12.jar;C:\Users\91721\.m2\repository\ch\qos\logback\logback-core\1.5.12\logback-core-1.5.12.jar;C:\Users\91721\.m2\repository\org\apache\logging\log4j\log4j-to-slf4j\2.24.1\log4j-to-slf4j-2.24.1.jar;C:\Users\91721\.m2\repository\org\apache\logging\log4j\log4j-api\2.24.1\log4j-api-2.24.1.jar;C:\Users\91721\.m2\repository\org\slf4j\jul-to-slf4j\2.0.16\jul-to-slf4j-2.0.16.jar;C:\Users\91721\.m2\repository\jakarta\annotation\jakarta.annotation-api\2.1.1\jakarta.annotation-api-2.1.1.jar;C:\Users\91721\.m2\repository\org\yaml\snakeyaml\2.3\snakeyaml-2.3.jar;C:\Users\91721\.m2\repository\org\springframework\boot\spring-boot-starter-jdbc\3.4.0\spring-boot-starter-jdbc-3.4.0.jar;C:\Users\91721\.m2\repository\com\zaxxer\HikariCP\5.1.0\HikariCP-5.1.0.jar;C:\Users\91721\.m2\repository\org\springframework\spring-jdbc\6.2.0\spring-jdbc-6.2.0.jar;C:\Users\91721\.m2\repository\org\hibernate\orm\hibernate-core\6.6.2.Final\hibernate-core-6.6.2.Final.jar;C:\Users\91721\.m2\repository\jakarta\persistence\jakarta.persistence-api\3.1.0\jakarta.persistence-api-3.1.0.jar;C:\Users\91721\.m2\repository\jakarta\transaction\jakarta.transaction-api\2.0.1\jakarta.transaction-api-2.0.1.jar;C:\Users\91721\.m2\repository\org\jboss\logging\jboss-logging\3.6.1.Final\jboss-logging-3.6.1.Final.jar;C:\Users\91721\.m2\repository\org\hibernate\common\hibernate-commons-annotations\7.0.3.Final\hibernate-commons-annotations-7.0.3.Final.jar;C:\Users\91721\.m2\repository\io\smallrye\jandex\3.2.0\jandex-3.2.0.jar;C:\Users\91721\.m2\repository\com\fasterxml\classmate\1.7.0\classmate-1.7.0.jar;C:\Users\91721\.m2\repository\net\bytebuddy\byte-buddy\1.15.10\byte-buddy-1.15.10.jar;C:\Users\91721\.m2\repository\org\glassfish\jaxb\jaxb-runtime\4.0.5\jaxb-runtime-4.0.5.jar;C:\Users\91721\.m2\repository\org\glassfish\jaxb\jaxb-core\4.0.5\jaxb-core-4.0.5.jar;C:\Users\91721\.m2\repository\org\eclipse\angus\angus-activation\2.0.2\angus-activation-2.0.2.jar;C:\Users\91721\.m2\repository\org\glassfish\jaxb\txw2\4.0.5\txw2-4.0.5.jar;C:\Users\91721\.m2\repository\com\sun\istack\istack-commons-runtime\4.1.2\istack-commons-runtime-4.1.2.jar;C:\Users\91721\.m2\repository\jakarta\inject\jakarta.inject-api\2.0.1\jakarta.inject-api-2.0.1.jar;C:\Users\91721\.m2\repository\org\antlr\antlr4-runtime\4.13.0\antlr4-runtime-4.13.0.jar;C:\Users\91721\.m2\repository\org\springframework\data\spring-data-jpa\3.4.0\spring-data-jpa-3.4.0.jar;C:\Users\91721\.m2\repository\org\springframework\data\spring-data-commons\3.4.0\spring-data-commons-3.4.0.jar;C:\Users\91721\.m2\repository\org\springframework\spring-orm\6.2.0\spring-orm-6.2.0.jar;C:\Users\91721\.m2\repository\org\springframework\spring-context\6.2.0\spring-context-6.2.0.jar;C:\Users\91721\.m2\repository\org\springframework\spring-aop\6.2.0\spring-aop-6.2.0.jar;C:\Users\91721\.m2\repository\org\springframework\spring-tx\6.2.0\spring-tx-6.2.0.jar;C:\Users\91721\.m2\repository\org\springframework\spring-beans\6.2.0\spring-beans-6.2.0.jar;C:\Users\91721\.m2\repository\org\slf4j\slf4j-api\2.0.16\slf4j-api-2.0.16.jar;C:\Users\91721\.m2\repository\org\springframework\spring-aspects\6.2.0\spring-aspects-6.2.0.jar;C:\Users\91721\.m2\repository\org\aspectj\aspectjweaver\1.9.22.1\aspectjweaver-1.9.22.1.jar;C:\Users\91721\.m2\repository\org\springframework\boot\spring-boot-starter-thymeleaf\3.4.0\spring-boot-starter-thymeleaf-3.4.0.jar;C:\Users\91721\.m2\repository\org\thymeleaf\thymeleaf-spring6\3.1.2.RELEASE\thymeleaf-spring6-3.1.2.RELEASE.jar;C:\Users\91721\.m2\repository\org\thymeleaf\thymeleaf\3.1.2.RELEASE\thymeleaf-3.1.2.RELEASE.jar;C:\Users\91721\.m2\repository\org\attoparser\attoparser\2.0.7.RELEASE\attoparser-2.0.7.RELEASE.jar;C:\Users\91721\.m2\repository\org\unbescape\unbescape\1.1.6.RELEASE\unbescape-1.1.6.RELEASE.jar;C:\Users\91721\.m2\repository\org\springframework\boot\spring-boot-starter-validation\3.4.0\spring-boot-starter-validation-3.4.0.jar;C:\Users\91721\.m2\repository\org\apache\tomcat\embed\tomcat-embed-el\10.1.33\tomcat-embed-el-10.1.33.jar;C:\Users\91721\.m2\repository\org\hibernate\validator\hibernate-validator\8.0.1.Final\hibernate-validator-8.0.1.Final.jar;C:\Users\91721\.m2\repository\jakarta\validation\jakarta.validation-api\3.0.2\jakarta.validation-api-3.0.2.jar;C:\Users\91721\.m2\repository\org\springframework\boot\spring-boot-starter-web\3.4.0\spring-boot-starter-web-3.4.0.jar;C:\Users\91721\.m2\repository\org\springframework\boot\spring-boot-starter-json\3.4.0\spring-boot-starter-json-3.4.0.jar;C:\Users\91721\.m2\repository\com\fasterxml\jackson\core\jackson-databind\2.18.1\jackson-databind-2.18.1.jar;C:\Users\91721\.m2\repository\com\fasterxml\jackson\core\jackson-annotations\2.18.1\jackson-annotations-2.18.1.jar;C:\Users\91721\.m2\repository\com\fasterxml\jackson\core\jackson-core\2.18.1\jackson-core-2.18.1.jar;C:\Users\91721\.m2\repository\com\fasterxml\jackson\datatype\jackson-datatype-jdk8\2.18.1\jackson-datatype-jdk8-2.18.1.jar;C:\Users\91721\.m2\repository\com\fasterxml\jackson\datatype\jackson-datatype-jsr310\2.18.1\jackson-datatype-jsr310-2.18.1.jar;C:\Users\91721\.m2\repository\com\fasterxml\jackson\module\jackson-module-parameter-names\2.18.1\jackson-module-parameter-names-2.18.1.jar;C:\Users\91721\.m2\repository\org\springframework\boot\spring-boot-starter-tomcat\3.4.0\spring-boot-starter-tomcat-3.4.0.jar;C:\Users\91721\.m2\repository\org\apache\tomcat\embed\tomcat-embed-core\10.1.33\tomcat-embed-core-10.1.33.jar;C:\Users\91721\.m2\repository\org\apache\tomcat\embed\tomcat-embed-websocket\10.1.33\tomcat-embed-websocket-10.1.33.jar;C:\Users\91721\.m2\repository\org\springframework\spring-web\6.2.0\spring-web-6.2.0.jar;C:\Users\91721\.m2\repository\io\micrometer\micrometer-observation\1.14.1\micrometer-observation-1.14.1.jar;C:\Users\91721\.m2\repository\io\micrometer\micrometer-commons\1.14.1\micrometer-commons-1.14.1.jar;C:\Users\91721\.m2\repository\org\springframework\spring-webmvc\6.2.0\spring-webmvc-6.2.0.jar;C:\Users\91721\.m2\repository\org\springframework\spring-expression\6.2.0\spring-expression-6.2.0.jar;C:\Users\91721\.m2\repository\org\springframework\boot\spring-boot-devtools\3.4.0\spring-boot-devtools-3.4.0.jar;C:\Users\91721\.m2\repository\org\springframework\boot\spring-boot\3.4.0\spring-boot-3.4.0.jar;C:\Users\91721\.m2\repository\org\springframework\boot\spring-boot-autoconfigure\3.4.0\spring-boot-autoconfigure-3.4.0.jar;C:\Users\91721\.m2\repository\com\h2database\h2\2.3.232\h2-2.3.232.jar;C:\Users\91721\.m2\repository\org\projectlombok\lombok\1.18.36\lombok-1.18.36.jar;C:\Users\91721\.m2\repository\jakarta\xml\bind\jakarta.xml.bind-api\4.0.2\jakarta.xml.bind-api-4.0.2.jar;C:\Users\91721\.m2\repository\jakarta\activation\jakarta.activation-api\2.1.3\jakarta.activation-api-2.1.3.jar;C:\Users\91721\.m2\repository\org\springframework\spring-core\6.2.0\spring-core-6.2.0.jar;C:\Users\91721\.m2\repository\org\springframework\spring-jcl\6.2.0\spring-jcl-6.2.0.jar;C:\Users\91721\Desktop\SpringBoot ex\SpringBoot\target\classes
Launcher Type: SUN_STANDARD

[Global flags]
     intx CICompilerCount                          = 4                                         {product} {ergonomic}
     uint ConcGCThreads                            = 3                                         {product} {ergonomic}
     uint G1ConcRefinementThreads                  = 10                                        {product} {ergonomic}
   size_t G1HeapRegionSize                         = 1048576                                   {product} {ergonomic}
    uintx GCDrainStackTargetSize                   = 64                                        {product} {ergonomic}
   size_t InitialHeapSize                          = 123731968                                 {product} {ergonomic}
     bool ManagementServer                         = true                                      {product} {command line}
   size_t MarkStackSize                            = 4194304                                   {product} {ergonomic}
   size_t MaxHeapSize                              = 1967128576                                {product} {ergonomic}
   size_t MaxNewSize                               = 1179648000                                {product} {ergonomic}
   size_t MinHeapDeltaBytes                        = 1048576                                   {product} {ergonomic}
   size_t MinHeapSize                              = 8388608                                   {product} {ergonomic}
    uintx NonNMethodCodeHeapSize                   = 4096                                   {pd product} {ergonomic}
    uintx NonProfiledCodeHeapSize                  = 0                                      {pd product} {ergonomic}
     bool ProfileInterpreter                       = false                                  {pd product} {command line}
    uintx ProfiledCodeHeapSize                     = 0                                      {pd product} {ergonomic}
     bool ShowCodeDetailsInExceptionMessages       = true                                   {manageable} {command line}
   size_t SoftMaxHeapSize                          = 1967128576                             {manageable} {ergonomic}
     intx TieredStopAtLevel                        = 1                                         {product} {command line}
     bool UseCompressedOops                        = true                           {product lp64_product} {ergonomic}
     bool UseG1GC                                  = true                                      {product} {ergonomic}
     bool UseLargePagesIndividualAllocation        = false                                  {pd product} {ergonomic}

Logging:
Log output configuration:
 #0: stdout all=warning uptime,level,tags foldmultilines=false
 #1: stderr all=off uptime,level,tags foldmultilines=false

Environment Variables:
PATH=C:\Users\91721\Desktop\Spring softwares\sts-4.27.0.RELEASE\plugins\org.eclipse.justj.openjdk.hotspot.jre.full.win32.x86_64_21.0.5.v20241023-1957\jre\bin;C:/Users/91721/Desktop/Spring softwares/sts-4.27.0.RELEASE//plugins/org.eclipse.justj.openjdk.hotspot.jre.full.win32.x86_64_21.0.5.v20241023-1957/jre/bin/server;C:/Users/91721/Desktop/Spring softwares/sts-4.27.0.RELEASE//plugins/org.eclipse.justj.openjdk.hotspot.jre.full.win32.x86_64_21.0.5.v20241023-1957/jre/bin;C:\oraclexe\app\oracle\product\11.2.0\server\bin;;C:\Program Files\Common Files\Oracle\Java\javapath;C:\WINDOWS\system32;C:\WINDOWS;C:\WINDOWS\System32\Wbem;C:\WINDOWS\System32\WindowsPowerShell\v1.0\;C:\WINDOWS\System32\OpenSSH\;C:\Program Files (x86)\Microsoft Visual Studio\Common\Tools\WinNT;C:\Program Files (x86)\Microsoft Visual Studio\Common\MSDev98\Bin;C:\Program Files (x86)\Microsoft Visual Studio\Common\Tools;C:\Program Files (x86)\Microsoft Visual Studio\VC98\bin;C:\Users\91721\AppData\Local\Microsoft\WindowsApps;C:\Users\91721\AppData\Local\Programs\Microsoft VS Code\bin;C:\Users\91721\Desktop\Spring softwares\sts-4.27.0.RELEASE;
USERNAME=91721
OS=Windows_NT
PROCESSOR_IDENTIFIER=AMD64 Family 23 Model 104 Stepping 1, AuthenticAMD
TMP=C:\Users\91721\AppData\Local\Temp
TEMP=C:\Users\91721\AppData\Local\Temp




Periodic native trim disabled

---------------  S Y S T E M  ---------------

OS:
 Windows 11 , 64 bit Build 22621 (10.0.22621.4391)
OS uptime: 1 days 1:13 hours

CPU: total 12 (initial active 12) (12 cores per cpu, 2 threads per core) family 23 model 104 stepping 1 microcode 0x0, cx8, cmov, fxsr, ht, mmx, 3dnowpref, sse, sse2, sse3, ssse3, sse4a, sse4.1, sse4.2, popcnt, lzcnt, tsc, tscinvbit, avx, avx2, aes, clmul, bmi1, bmi2, adx, sha, fma, vzeroupper, clflush, clflushopt, rdtscp, rdpid, f16c
Processor Information for processor 0
  Max Mhz: 2100, Current Mhz: 2100, Mhz Limit: 2100
Processor Information for processor 1
  Max Mhz: 2100, Current Mhz: 1813, Mhz Limit: 2100
Processor Information for processor 2
  Max Mhz: 2100, Current Mhz: 2100, Mhz Limit: 2100
Processor Information for processor 3
  Max Mhz: 2100, Current Mhz: 1813, Mhz Limit: 2100
Processor Information for processor 4
  Max Mhz: 2100, Current Mhz: 1813, Mhz Limit: 2100
Processor Information for processor 5
  Max Mhz: 2100, Current Mhz: 2100, Mhz Limit: 2100
Processor Information for processor 6
  Max Mhz: 2100, Current Mhz: 2100, Mhz Limit: 2100
Processor Information for processor 7
  Max Mhz: 2100, Current Mhz: 1813, Mhz Limit: 2100
Processor Information for processor 8
  Max Mhz: 2100, Current Mhz: 2100, Mhz Limit: 2100
Processor Information for processor 9
  Max Mhz: 2100, Current Mhz: 2100, Mhz Limit: 2100
Processor Information for processor 10
  Max Mhz: 2100, Current Mhz: 2100, Mhz Limit: 2100
Processor Information for processor 11
  Max Mhz: 2100, Current Mhz: 2100, Mhz Limit: 2100

Memory: 4k page, system-wide physical 7501M (1508M free)
TotalPageFile size 9969M (AvailPageFile size 1698M)
current process WorkingSet (physical memory assigned to process): 226M, peak: 228M
current process commit charge ("private bytes"): 266M, peak: 267M

vm_info: OpenJDK 64-Bit Server VM (21.0.5+11-LTS) for windows-amd64 JRE (21.0.5+11-LTS), built on 2024-10-15T00:00:00Z by "admin" with MS VC++ 17.7 (VS2022)

END.
